<?xml version="1.0" encoding="UTF-8"?>
<coverage generated="1722841040931" clover="3.2.0">
  <project timestamp="1722841040932" name="All files">
    <metrics statements="337" coveredstatements="337" conditionals="88" coveredconditionals="84" methods="56" coveredmethods="56" elements="481" coveredelements="477" complexity="0" loc="337" ncloc="337" packages="1" files="1" classes="1"/>
    <file name="index.js" path="C:\e2\todo-list-e2\index.js">
      <metrics statements="337" coveredstatements="337" conditionals="88" coveredconditionals="84" methods="56" coveredmethods="56"/>
      <line num="1" count="51" type="stmt"/>
      <line num="2" count="51" type="stmt"/>
      <line num="3" count="51" type="stmt"/>
      <line num="5" count="51" type="stmt"/>
      <line num="6" count="51" type="stmt"/>
      <line num="7" count="51" type="stmt"/>
      <line num="8" count="51" type="stmt"/>
      <line num="9" count="51" type="stmt"/>
      <line num="12" count="51" type="stmt"/>
      <line num="13" count="51" type="stmt"/>
      <line num="14" count="51" type="stmt"/>
      <line num="15" count="51" type="stmt"/>
      <line num="18" count="51" type="stmt"/>
      <line num="19" count="51" type="stmt"/>
      <line num="20" count="51" type="stmt"/>
      <line num="21" count="51" type="stmt"/>
      <line num="22" count="51" type="stmt"/>
      <line num="23" count="51" type="stmt"/>
      <line num="26" count="51" type="stmt"/>
      <line num="27" count="153" type="stmt"/>
      <line num="28" count="4" type="stmt"/>
      <line num="29" count="4" type="stmt"/>
      <line num="35" count="70" type="stmt"/>
      <line num="36" count="70" type="stmt"/>
      <line num="37" count="70" type="stmt"/>
      <line num="38" count="70" type="stmt"/>
      <line num="40" count="70" type="cond" truecount="2" falsecount="0"/>
      <line num="41" count="63" type="stmt"/>
      <line num="43" count="63" type="cond" truecount="2" falsecount="0"/>
      <line num="44" count="1" type="stmt"/>
      <line num="45" count="1" type="stmt"/>
      <line num="46" count="1" type="stmt"/>
      <line num="48" count="62" type="stmt"/>
      <line num="50" count="63" type="stmt"/>
      <line num="57" count="72" type="stmt"/>
      <line num="58" count="72" type="stmt"/>
      <line num="60" count="72" type="cond" truecount="2" falsecount="0"/>
      <line num="61" count="64" type="stmt"/>
      <line num="62" count="64" type="stmt"/>
      <line num="64" count="8" type="stmt"/>
      <line num="65" count="8" type="stmt"/>
      <line num="66" count="8" type="stmt"/>
      <line num="72" count="1" type="stmt"/>
      <line num="78" count="1" type="stmt"/>
      <line num="79" count="1" type="stmt"/>
      <line num="80" count="1" type="stmt"/>
      <line num="81" count="1" type="stmt"/>
      <line num="82" count="1" type="stmt"/>
      <line num="83" count="1" type="stmt"/>
      <line num="84" count="1" type="stmt"/>
      <line num="85" count="1" type="stmt"/>
      <line num="90" count="78" type="stmt"/>
      <line num="92" count="78" type="stmt"/>
      <line num="94" count="78" type="cond" truecount="2" falsecount="0"/>
      <line num="95" count="1" type="stmt"/>
      <line num="97" count="77" type="stmt"/>
      <line num="98" count="77" type="stmt"/>
      <line num="99" count="227" type="stmt"/>
      <line num="105" count="227" type="stmt"/>
      <line num="109" count="78" type="stmt"/>
      <line num="110" count="78" type="stmt"/>
      <line num="116" count="83" type="stmt"/>
      <line num="121" count="4" type="stmt"/>
      <line num="122" count="4" type="stmt"/>
      <line num="123" count="4" type="stmt"/>
      <line num="124" count="4" type="stmt"/>
      <line num="126" count="4" type="stmt"/>
      <line num="130" count="296" type="stmt"/>
      <line num="131" count="296" type="cond" truecount="2" falsecount="0"/>
      <line num="132" count="23" type="stmt"/>
      <line num="138" count="62" type="stmt"/>
      <line num="140" count="62" type="stmt"/>
      <line num="147" count="62" type="stmt"/>
      <line num="148" count="62" type="stmt"/>
      <line num="149" count="62" type="stmt"/>
      <line num="150" count="62" type="stmt"/>
      <line num="155" count="230" type="stmt"/>
      <line num="156" count="230" type="stmt"/>
      <line num="157" count="230" type="stmt"/>
      <line num="158" count="230" type="stmt"/>
      <line num="159" count="230" type="cond" truecount="2" falsecount="0"/>
      <line num="160" count="21" type="stmt"/>
      <line num="163" count="230" type="stmt"/>
      <line num="164" count="230" type="stmt"/>
      <line num="165" count="230" type="stmt"/>
      <line num="166" count="230" type="stmt"/>
      <line num="167" count="230" type="stmt"/>
      <line num="171" count="232" type="stmt"/>
      <line num="172" count="232" type="stmt"/>
      <line num="173" count="232" type="stmt"/>
      <line num="181" count="232" type="stmt"/>
      <line num="189" count="232" type="cond" truecount="2" falsecount="0"/>
      <line num="190" count="22" type="stmt"/>
      <line num="198" count="22" type="stmt"/>
      <line num="200" count="210" type="stmt"/>
      <line num="208" count="210" type="stmt"/>
      <line num="211" count="232" type="stmt"/>
      <line num="223" count="697" type="stmt"/>
      <line num="224" count="697" type="stmt"/>
      <line num="225" count="697" type="stmt"/>
      <line num="226" count="697" type="stmt"/>
      <line num="227" count="697" type="stmt"/>
      <line num="228" count="697" type="stmt"/>
      <line num="229" count="697" type="stmt"/>
      <line num="230" count="697" type="stmt"/>
      <line num="231" count="697" type="stmt"/>
      <line num="232" count="697" type="stmt"/>
      <line num="237" count="231" type="stmt"/>
      <line num="238" count="231" type="stmt"/>
      <line num="240" count="231" type="stmt"/>
      <line num="242" count="231" type="stmt"/>
      <line num="243" count="231" type="stmt"/>
      <line num="244" count="231" type="stmt"/>
      <line num="246" count="231" type="stmt"/>
      <line num="248" count="231" type="stmt"/>
      <line num="249" count="231" type="cond" truecount="2" falsecount="0"/>
      <line num="250" count="22" type="stmt"/>
      <line num="252" count="231" type="stmt"/>
      <line num="253" count="231" type="stmt"/>
      <line num="255" count="231" type="stmt"/>
      <line num="260" count="231" type="stmt"/>
      <line num="261" count="231" type="stmt"/>
      <line num="263" count="231" type="stmt"/>
      <line num="265" count="231" type="stmt"/>
      <line num="266" count="231" type="stmt"/>
      <line num="267" count="231" type="stmt"/>
      <line num="268" count="231" type="stmt"/>
      <line num="269" count="231" type="stmt"/>
      <line num="270" count="231" type="stmt"/>
      <line num="271" count="231" type="stmt"/>
      <line num="274" count="98" type="cond" truecount="2" falsecount="0"/>
      <line num="275" count="78" type="stmt"/>
      <line num="277" count="20" type="stmt"/>
      <line num="282" count="20" type="stmt"/>
      <line num="284" count="20" type="stmt"/>
      <line num="285" count="20" type="stmt"/>
      <line num="286" count="20" type="stmt"/>
      <line num="288" count="20" type="cond" truecount="2" falsecount="0"/>
      <line num="289" count="17" type="stmt"/>
      <line num="291" count="3" type="stmt"/>
      <line num="292" count="18" type="stmt"/>
      <line num="296" count="20" type="stmt"/>
      <line num="299" count="8" type="stmt"/>
      <line num="301" count="8" type="cond" truecount="2" falsecount="0"/>
      <line num="302" count="7" type="stmt"/>
      <line num="304" count="1" type="stmt"/>
      <line num="308" count="2" type="stmt"/>
      <line num="309" count="2" type="cond" truecount="2" falsecount="0"/>
      <line num="310" count="1" type="stmt"/>
      <line num="314" count="4" type="stmt"/>
      <line num="315" count="4" type="stmt"/>
      <line num="320" count="11" type="stmt"/>
      <line num="321" count="11" type="cond" truecount="2" falsecount="0"/>
      <line num="322" count="2" type="stmt"/>
      <line num="326" count="9" type="stmt"/>
      <line num="331" count="7" type="stmt"/>
      <line num="333" count="7" type="stmt"/>
      <line num="335" count="7" type="cond" truecount="1" falsecount="1"/>
      <line num="336" count="7" type="stmt"/>
      <line num="337" count="7" type="stmt"/>
      <line num="338" count="7" type="stmt"/>
      <line num="340" count="7" type="stmt"/>
      <line num="341" count="7" type="stmt"/>
      <line num="342" count="7" type="stmt"/>
      <line num="343" count="7" type="stmt"/>
      <line num="344" count="7" type="stmt"/>
      <line num="345" count="7" type="stmt"/>
      <line num="346" count="7" type="stmt"/>
      <line num="347" count="7" type="stmt"/>
      <line num="348" count="7" type="stmt"/>
      <line num="352" count="2" type="cond" truecount="2" falsecount="0"/>
      <line num="353" count="1" type="stmt"/>
      <line num="354" count="1" type="stmt"/>
      <line num="355" count="1" type="stmt"/>
      <line num="356" count="1" type="stmt"/>
      <line num="357" count="1" type="stmt"/>
      <line num="358" count="1" type="stmt"/>
      <line num="359" count="1" type="stmt"/>
      <line num="360" count="1" type="stmt"/>
      <line num="361" count="1" type="stmt"/>
      <line num="362" count="1" type="stmt"/>
      <line num="369" count="2" type="stmt"/>
      <line num="371" count="2" type="stmt"/>
      <line num="373" count="2" type="stmt"/>
      <line num="374" count="2" type="stmt"/>
      <line num="375" count="1" type="stmt"/>
      <line num="376" count="1" type="stmt"/>
      <line num="378" count="1" type="stmt"/>
      <line num="384" count="5" type="stmt"/>
      <line num="386" count="5" type="stmt"/>
      <line num="387" count="5" type="stmt"/>
      <line num="388" count="5" type="stmt"/>
      <line num="389" count="5" type="stmt"/>
      <line num="390" count="4" type="stmt"/>
      <line num="392" count="4" type="stmt"/>
      <line num="396" count="4" type="stmt"/>
      <line num="398" count="4" type="cond" truecount="2" falsecount="0"/>
      <line num="399" count="3" type="stmt"/>
      <line num="401" count="1" type="stmt"/>
      <line num="403" count="4" type="stmt"/>
      <line num="404" count="4" type="stmt"/>
      <line num="405" count="4" type="stmt"/>
      <line num="407" count="1" type="stmt"/>
      <line num="414" count="78" type="stmt"/>
      <line num="416" count="78" type="cond" truecount="2" falsecount="0"/>
      <line num="417" count="77" type="stmt"/>
      <line num="420" count="78" type="cond" truecount="2" falsecount="0"/>
      <line num="421" count="1" type="stmt"/>
      <line num="423" count="78" type="cond" truecount="2" falsecount="0"/>
      <line num="424" count="3" type="stmt"/>
      <line num="427" count="78" type="cond" truecount="2" falsecount="0"/>
      <line num="428" count="74" type="stmt"/>
      <line num="433" count="74" type="stmt"/>
      <line num="434" count="74" type="stmt"/>
      <line num="435" count="223" type="stmt"/>
      <line num="436" count="223" type="stmt"/>
      <line num="438" count="74" type="cond" truecount="2" falsecount="0"/>
      <line num="439" count="1" type="stmt"/>
      <line num="445" count="4" type="stmt"/>
      <line num="446" count="4" type="stmt"/>
      <line num="447" count="4" type="stmt"/>
      <line num="448" count="10" type="stmt"/>
      <line num="449" count="10" type="stmt"/>
      <line num="450" count="10" type="stmt"/>
      <line num="451" count="10" type="cond" truecount="2" falsecount="0"/>
      <line num="452" count="6" type="stmt"/>
      <line num="453" count="6" type="stmt"/>
      <line num="455" count="4" type="stmt"/>
      <line num="458" count="4" type="cond" truecount="2" falsecount="0"/>
      <line num="459" count="1" type="stmt"/>
      <line num="461" count="4" type="stmt"/>
      <line num="466" count="2" type="stmt"/>
      <line num="467" count="2" type="stmt"/>
      <line num="468" count="2" type="stmt"/>
      <line num="469" count="8" type="stmt"/>
      <line num="470" count="8" type="stmt"/>
      <line num="471" count="8" type="stmt"/>
      <line num="473" count="8" type="cond" truecount="2" falsecount="0"/>
      <line num="474" count="5" type="stmt"/>
      <line num="475" count="5" type="stmt"/>
      <line num="476" count="5" type="stmt"/>
      <line num="480" count="2" type="cond" truecount="2" falsecount="0"/>
      <line num="481" count="1" type="stmt"/>
      <line num="484" count="2" type="stmt"/>
      <line num="488" count="258" type="stmt"/>
      <line num="489" count="258" type="cond" truecount="2" falsecount="0"/>
      <line num="490" count="56" type="stmt"/>
      <line num="492" count="202" type="stmt"/>
      <line num="494" count="258" type="stmt"/>
      <line num="499" count="94" type="stmt"/>
      <line num="500" count="94" type="stmt"/>
      <line num="501" count="94" type="stmt"/>
      <line num="506" count="7" type="stmt"/>
      <line num="507" count="7" type="stmt"/>
      <line num="508" count="7" type="stmt"/>
      <line num="509" count="6" type="stmt"/>
      <line num="510" count="6" type="stmt"/>
      <line num="512" count="1" type="stmt"/>
      <line num="518" count="3" type="stmt"/>
      <line num="520" count="3" type="stmt"/>
      <line num="522" count="3" type="cond" truecount="2" falsecount="0"/>
      <line num="523" count="2" type="stmt"/>
      <line num="524" count="8" type="stmt"/>
      <line num="527" count="2" type="stmt"/>
      <line num="528" count="6" type="stmt"/>
      <line num="534" count="2" type="stmt"/>
      <line num="535" count="2" type="stmt"/>
      <line num="537" count="1" type="stmt"/>
      <line num="541" count="7" type="stmt"/>
      <line num="542" count="7" type="stmt"/>
      <line num="543" count="7" type="cond" truecount="2" falsecount="0"/>
      <line num="544" count="5" type="stmt"/>
      <line num="545" count="5" type="stmt"/>
      <line num="547" count="2" type="stmt"/>
      <line num="553" count="18" type="stmt"/>
      <line num="555" count="17" type="cond" truecount="2" falsecount="0"/>
      <line num="556" count="13" type="stmt"/>
      <line num="558" count="4" type="stmt"/>
      <line num="564" count="7" type="stmt"/>
      <line num="565" count="7" type="cond" truecount="2" falsecount="0"/>
      <line num="566" count="6" type="stmt"/>
      <line num="567" count="6" type="cond" truecount="1" falsecount="1"/>
      <line num="568" count="6" type="stmt"/>
      <line num="569" count="6" type="stmt"/>
      <line num="572" count="6" type="stmt"/>
      <line num="574" count="6" type="stmt"/>
      <line num="576" count="1" type="stmt"/>
      <line num="582" count="64" type="stmt"/>
      <line num="584" count="64" type="cond" truecount="2" falsecount="0"/>
      <line num="585" count="23" type="stmt"/>
      <line num="587" count="41" type="stmt"/>
      <line num="594" count="3" type="cond" truecount="1" falsecount="1"/>
      <line num="595" count="3" type="cond" truecount="1" falsecount="1"/>
      <line num="596" count="3" type="stmt"/>
      <line num="597" count="3" type="stmt"/>
      <line num="598" count="3" type="stmt"/>
      <line num="599" count="3" type="stmt"/>
      <line num="600" count="3" type="stmt"/>
      <line num="601" count="3" type="stmt"/>
      <line num="606" count="4" type="stmt"/>
      <line num="608" count="4" type="stmt"/>
      <line num="609" count="26" type="stmt"/>
      <line num="611" count="4" type="stmt"/>
      <line num="612" count="9" type="stmt"/>
      <line num="617" count="4" type="stmt"/>
      <line num="622" count="74" type="cond" truecount="2" falsecount="0"/>
      <line num="623" count="2" type="stmt"/>
      <line num="624" count="72" type="cond" truecount="2" falsecount="0"/>
      <line num="625" count="4" type="stmt"/>
      <line num="626" count="68" type="cond" truecount="2" falsecount="0"/>
      <line num="627" count="1" type="stmt"/>
      <line num="628" count="67" type="cond" truecount="2" falsecount="0"/>
      <line num="629" count="1" type="stmt"/>
      <line num="630" count="66" type="cond" truecount="2" falsecount="0"/>
      <line num="631" count="1" type="stmt"/>
      <line num="632" count="65" type="stmt"/>
      <line num="637" count="78" type="stmt"/>
      <line num="639" count="78" type="cond" truecount="2" falsecount="0"/>
      <line num="640" count="5" type="stmt"/>
      <line num="642" count="73" type="stmt"/>
      <line num="647" count="71" type="stmt"/>
      <line num="648" count="71" type="cond" truecount="2" falsecount="0"/>
      <line num="649" count="68" type="stmt"/>
      <line num="650" count="3" type="stmt"/>
      <line num="654" count="70" type="stmt"/>
      <line num="655" count="70" type="cond" truecount="2" falsecount="0"/>
      <line num="656" count="67" type="stmt"/>
      <line num="658" count="3" type="stmt"/>
      <line num="664" count="78" type="stmt"/>
      <line num="666" count="78" type="cond" truecount="2" falsecount="0"/>
      <line num="667" count="69" type="stmt"/>
      <line num="669" count="9" type="stmt"/>
      <line num="674" count="69" type="stmt"/>
      <line num="675" count="69" type="cond" truecount="2" falsecount="0"/>
      <line num="676" count="66" type="stmt"/>
      <line num="677" count="3" type="stmt"/>
      <line num="680" count="51" type="stmt"/>
    </file>
  </project>
</coverage>
