{"C:\\e2\\todo-list-e2\\index.js": {"path":"C:\\e2\\todo-list-e2\\index.js","statementMap":{"0":{"start":{"line":1,"column":13},"end":{"line":1,"column":51}},"1":{"start":{"line":2,"column":14},"end":{"line":2,"column":51}},"2":{"start":{"line":3,"column":17},"end":{"line":3,"column":53}},"3":{"start":{"line":5,"column":19},"end":{"line":5,"column":57}},"4":{"start":{"line":6,"column":16},"end":{"line":6,"column":54}},"5":{"start":{"line":7,"column":21},"end":{"line":7,"column":58}},"6":{"start":{"line":8,"column":18},"end":{"line":8,"column":55}},"7":{"start":{"line":9,"column":19},"end":{"line":11,"column":1}},"8":{"start":{"line":12,"column":20},"end":{"line":12,"column":22}},"9":{"start":{"line":13,"column":20},"end":{"line":13,"column":25}},"10":{"start":{"line":14,"column":0},"end":{"line":14,"column":59}},"11":{"start":{"line":15,"column":0},"end":{"line":15,"column":44}},"12":{"start":{"line":18,"column":0},"end":{"line":18,"column":52}},"13":{"start":{"line":19,"column":0},"end":{"line":19,"column":36}},"14":{"start":{"line":20,"column":0},"end":{"line":20,"column":50}},"15":{"start":{"line":21,"column":0},"end":{"line":21,"column":46}},"16":{"start":{"line":22,"column":0},"end":{"line":22,"column":45}},"17":{"start":{"line":23,"column":0},"end":{"line":23,"column":45}},"18":{"start":{"line":26,"column":0},"end":{"line":31,"column":1}},"19":{"start":{"line":27,"column":2},"end":{"line":30,"column":5}},"20":{"start":{"line":28,"column":4},"end":{"line":28,"column":33}},"21":{"start":{"line":29,"column":4},"end":{"line":29,"column":18}},"22":{"start":{"line":35,"column":2},"end":{"line":35,"column":25}},"23":{"start":{"line":36,"column":2},"end":{"line":36,"column":16}},"24":{"start":{"line":37,"column":24},"end":{"line":37,"column":35}},"25":{"start":{"line":38,"column":21},"end":{"line":38,"column":54}},"26":{"start":{"line":40,"column":2},"end":{"line":51,"column":3}},"27":{"start":{"line":41,"column":19},"end":{"line":41,"column":45}},"28":{"start":{"line":43,"column":4},"end":{"line":49,"column":5}},"29":{"start":{"line":44,"column":6},"end":{"line":44,"column":38}},"30":{"start":{"line":45,"column":24},"end":{"line":45,"column":56}},"31":{"start":{"line":46,"column":6},"end":{"line":46,"column":44}},"32":{"start":{"line":48,"column":6},"end":{"line":48,"column":29}},"33":{"start":{"line":50,"column":4},"end":{"line":50,"column":21}},"34":{"start":{"line":57,"column":23},"end":{"line":57,"column":40}},"35":{"start":{"line":58,"column":23},"end":{"line":58,"column":49}},"36":{"start":{"line":60,"column":2},"end":{"line":67,"column":3}},"37":{"start":{"line":61,"column":4},"end":{"line":61,"column":37}},"38":{"start":{"line":62,"column":4},"end":{"line":62,"column":24}},"39":{"start":{"line":64,"column":4},"end":{"line":64,"column":40}},"40":{"start":{"line":65,"column":4},"end":{"line":65,"column":42}},"41":{"start":{"line":66,"column":4},"end":{"line":66,"column":16}},"42":{"start":{"line":72,"column":19},"end":{"line":76,"column":3}},"43":{"start":{"line":78,"column":2},"end":{"line":78,"column":37}},"44":{"start":{"line":79,"column":2},"end":{"line":79,"column":16}},"45":{"start":{"line":80,"column":2},"end":{"line":80,"column":36}},"46":{"start":{"line":81,"column":2},"end":{"line":81,"column":30}},"47":{"start":{"line":82,"column":2},"end":{"line":82,"column":40}},"48":{"start":{"line":83,"column":2},"end":{"line":83,"column":44}},"49":{"start":{"line":84,"column":2},"end":{"line":84,"column":38}},"50":{"start":{"line":85,"column":2},"end":{"line":85,"column":34}},"51":{"start":{"line":90,"column":2},"end":{"line":90,"column":26}},"52":{"start":{"line":92,"column":16},"end":{"line":92,"column":41}},"53":{"start":{"line":94,"column":2},"end":{"line":107,"column":3}},"54":{"start":{"line":95,"column":4},"end":{"line":95,"column":18}},"55":{"start":{"line":97,"column":4},"end":{"line":97,"column":24}},"56":{"start":{"line":98,"column":4},"end":{"line":106,"column":7}},"57":{"start":{"line":99,"column":23},"end":{"line":103,"column":7}},"58":{"start":{"line":105,"column":6},"end":{"line":105,"column":32}},"59":{"start":{"line":109,"column":2},"end":{"line":109,"column":29}},"60":{"start":{"line":110,"column":2},"end":{"line":110,"column":17}},"61":{"start":{"line":116,"column":2},"end":{"line":116,"column":30}},"62":{"start":{"line":121,"column":12},"end":{"line":121,"column":39}},"63":{"start":{"line":122,"column":2},"end":{"line":122,"column":35}},"64":{"start":{"line":123,"column":2},"end":{"line":123,"column":38}},"65":{"start":{"line":124,"column":2},"end":{"line":124,"column":45}},"66":{"start":{"line":126,"column":2},"end":{"line":126,"column":21}},"67":{"start":{"line":130,"column":12},"end":{"line":130,"column":50}},"68":{"start":{"line":131,"column":2},"end":{"line":133,"column":3}},"69":{"start":{"line":132,"column":4},"end":{"line":132,"column":28}},"70":{"start":{"line":138,"column":24},"end":{"line":138,"column":54}},"71":{"start":{"line":140,"column":15},"end":{"line":146,"column":3}},"72":{"start":{"line":147,"column":2},"end":{"line":147,"column":21}},"73":{"start":{"line":148,"column":2},"end":{"line":148,"column":31}},"74":{"start":{"line":149,"column":2},"end":{"line":149,"column":22}},"75":{"start":{"line":150,"column":2},"end":{"line":150,"column":16}},"76":{"start":{"line":155,"column":19},"end":{"line":155,"column":48}},"77":{"start":{"line":156,"column":2},"end":{"line":156,"column":38}},"78":{"start":{"line":157,"column":2},"end":{"line":157,"column":41}},"79":{"start":{"line":158,"column":2},"end":{"line":158,"column":44}},"80":{"start":{"line":159,"column":2},"end":{"line":161,"column":3}},"81":{"start":{"line":160,"column":4},"end":{"line":160,"column":52}},"82":{"start":{"line":163,"column":28},"end":{"line":163,"column":44}},"83":{"start":{"line":164,"column":28},"end":{"line":164,"column":65}},"84":{"start":{"line":165,"column":19},"end":{"line":165,"column":49}},"85":{"start":{"line":166,"column":2},"end":{"line":166,"column":66}},"86":{"start":{"line":167,"column":2},"end":{"line":167,"column":18}},"87":{"start":{"line":171,"column":19},"end":{"line":171,"column":48}},"88":{"start":{"line":172,"column":2},"end":{"line":172,"column":38}},"89":{"start":{"line":173,"column":21},"end":{"line":180,"column":3}},"90":{"start":{"line":181,"column":23},"end":{"line":188,"column":3}},"91":{"start":{"line":189,"column":2},"end":{"line":209,"column":3}},"92":{"start":{"line":190,"column":28},"end":{"line":197,"column":5}},"93":{"start":{"line":198,"column":4},"end":{"line":198,"column":63}},"94":{"start":{"line":200,"column":24},"end":{"line":207,"column":5}},"95":{"start":{"line":208,"column":4},"end":{"line":208,"column":59}},"96":{"start":{"line":211,"column":2},"end":{"line":211,"column":18}},"97":{"start":{"line":223,"column":23},"end":{"line":223,"column":52}},"98":{"start":{"line":224,"column":2},"end":{"line":224,"column":40}},"99":{"start":{"line":225,"column":14},"end":{"line":225,"column":43}},"100":{"start":{"line":226,"column":2},"end":{"line":226,"column":28}},"101":{"start":{"line":227,"column":2},"end":{"line":227,"column":26}},"102":{"start":{"line":228,"column":2},"end":{"line":228,"column":29}},"103":{"start":{"line":229,"column":2},"end":{"line":229,"column":47}},"104":{"start":{"line":230,"column":2},"end":{"line":230,"column":20}},"105":{"start":{"line":231,"column":2},"end":{"line":231,"column":27}},"106":{"start":{"line":232,"column":2},"end":{"line":232,"column":22}},"107":{"start":{"line":237,"column":28},"end":{"line":237,"column":57}},"108":{"start":{"line":238,"column":2},"end":{"line":238,"column":57}},"109":{"start":{"line":240,"column":24},"end":{"line":240,"column":51}},"110":{"start":{"line":241,"column":2},"end":{"line":241,"column":39}},"111":{"start":{"line":243,"column":2},"end":{"line":243,"column":32}},"112":{"start":{"line":244,"column":2},"end":{"line":244,"column":43}},"113":{"start":{"line":245,"column":2},"end":{"line":245,"column":51}},"114":{"start":{"line":246,"column":2},"end":{"line":248,"column":3}},"115":{"start":{"line":247,"column":4},"end":{"line":247,"column":43}},"116":{"start":{"line":250,"column":2},"end":{"line":250,"column":42}},"117":{"start":{"line":257,"column":2},"end":{"line":257,"column":27}},"118":{"start":{"line":264,"column":28},"end":{"line":264,"column":57}},"119":{"start":{"line":265,"column":2},"end":{"line":265,"column":56}},"120":{"start":{"line":267,"column":21},"end":{"line":267,"column":52}},"121":{"start":{"line":269,"column":2},"end":{"line":269,"column":31}},"122":{"start":{"line":270,"column":2},"end":{"line":270,"column":51}},"123":{"start":{"line":271,"column":2},"end":{"line":271,"column":51}},"124":{"start":{"line":272,"column":2},"end":{"line":272,"column":40}},"125":{"start":{"line":273,"column":2},"end":{"line":273,"column":39}},"126":{"start":{"line":274,"column":2},"end":{"line":274,"column":39}},"127":{"start":{"line":275,"column":2},"end":{"line":275,"column":27}},"128":{"start":{"line":278,"column":2},"end":{"line":282,"column":3}},"129":{"start":{"line":279,"column":4},"end":{"line":279,"column":33}},"130":{"start":{"line":281,"column":4},"end":{"line":281,"column":34}},"131":{"start":{"line":286,"column":19},"end":{"line":286,"column":49}},"132":{"start":{"line":288,"column":24},"end":{"line":288,"column":54}},"133":{"start":{"line":289,"column":19},"end":{"line":289,"column":61}},"134":{"start":{"line":290,"column":20},"end":{"line":290,"column":36}},"135":{"start":{"line":292,"column":2},"end":{"line":298,"column":3}},"136":{"start":{"line":293,"column":4},"end":{"line":293,"column":38}},"137":{"start":{"line":295,"column":4},"end":{"line":297,"column":6}},"138":{"start":{"line":296,"column":24},"end":{"line":296,"column":54}},"139":{"start":{"line":300,"column":2},"end":{"line":300,"column":17}},"140":{"start":{"line":303,"column":17},"end":{"line":303,"column":25}},"141":{"start":{"line":305,"column":2},"end":{"line":309,"column":3}},"142":{"start":{"line":306,"column":4},"end":{"line":306,"column":21}},"143":{"start":{"line":308,"column":4},"end":{"line":308,"column":17}},"144":{"start":{"line":312,"column":17},"end":{"line":312,"column":25}},"145":{"start":{"line":313,"column":2},"end":{"line":315,"column":3}},"146":{"start":{"line":314,"column":4},"end":{"line":314,"column":23}},"147":{"start":{"line":318,"column":17},"end":{"line":318,"column":25}},"148":{"start":{"line":319,"column":2},"end":{"line":319,"column":26}},"149":{"start":{"line":324,"column":16},"end":{"line":324,"column":27}},"150":{"start":{"line":325,"column":2},"end":{"line":331,"column":3}},"151":{"start":{"line":326,"column":4},"end":{"line":328,"column":6}},"152":{"start":{"line":330,"column":4},"end":{"line":330,"column":16}},"153":{"start":{"line":336,"column":19},"end":{"line":336,"column":58}},"154":{"start":{"line":338,"column":20},"end":{"line":338,"column":54}},"155":{"start":{"line":340,"column":2},"end":{"line":355,"column":3}},"156":{"start":{"line":341,"column":4},"end":{"line":341,"column":33}},"157":{"start":{"line":342,"column":4},"end":{"line":342,"column":36}},"158":{"start":{"line":343,"column":21},"end":{"line":343,"column":60}},"159":{"start":{"line":344,"column":22},"end":{"line":344,"column":52}},"160":{"start":{"line":345,"column":4},"end":{"line":345,"column":39}},"161":{"start":{"line":346,"column":4},"end":{"line":346,"column":37}},"162":{"start":{"line":347,"column":4},"end":{"line":347,"column":48}},"163":{"start":{"line":348,"column":4},"end":{"line":348,"column":18}},"164":{"start":{"line":349,"column":4},"end":{"line":349,"column":39}},"165":{"start":{"line":350,"column":4},"end":{"line":350,"column":43}},"166":{"start":{"line":351,"column":4},"end":{"line":351,"column":39}},"167":{"start":{"line":352,"column":4},"end":{"line":352,"column":37}},"168":{"start":{"line":354,"column":4},"end":{"line":354,"column":11}},"169":{"start":{"line":358,"column":2},"end":{"line":369,"column":3}},"170":{"start":{"line":359,"column":4},"end":{"line":359,"column":21}},"171":{"start":{"line":360,"column":4},"end":{"line":360,"column":38}},"172":{"start":{"line":361,"column":4},"end":{"line":361,"column":40}},"173":{"start":{"line":362,"column":4},"end":{"line":362,"column":40}},"174":{"start":{"line":363,"column":4},"end":{"line":363,"column":36}},"175":{"start":{"line":364,"column":4},"end":{"line":364,"column":42}},"176":{"start":{"line":365,"column":4},"end":{"line":365,"column":46}},"177":{"start":{"line":366,"column":4},"end":{"line":366,"column":32}},"178":{"start":{"line":367,"column":4},"end":{"line":367,"column":32}},"179":{"start":{"line":368,"column":4},"end":{"line":368,"column":35}},"180":{"start":{"line":375,"column":19},"end":{"line":375,"column":58}},"181":{"start":{"line":377,"column":16},"end":{"line":377,"column":46}},"182":{"start":{"line":379,"column":2},"end":{"line":385,"column":3}},"183":{"start":{"line":380,"column":4},"end":{"line":380,"column":38}},"184":{"start":{"line":381,"column":4},"end":{"line":381,"column":20}},"185":{"start":{"line":382,"column":4},"end":{"line":382,"column":18}},"186":{"start":{"line":384,"column":4},"end":{"line":384,"column":23}},"187":{"start":{"line":390,"column":19},"end":{"line":390,"column":58}},"188":{"start":{"line":392,"column":17},"end":{"line":392,"column":47}},"189":{"start":{"line":393,"column":19},"end":{"line":393,"column":58}},"190":{"start":{"line":394,"column":2},"end":{"line":414,"column":3}},"191":{"start":{"line":395,"column":24},"end":{"line":395,"column":65}},"192":{"start":{"line":396,"column":24},"end":{"line":396,"column":45}},"193":{"start":{"line":398,"column":20},"end":{"line":401,"column":5}},"194":{"start":{"line":402,"column":25},"end":{"line":402,"column":37}},"195":{"start":{"line":404,"column":4},"end":{"line":408,"column":5}},"196":{"start":{"line":405,"column":6},"end":{"line":405,"column":40}},"197":{"start":{"line":407,"column":6},"end":{"line":407,"column":43}},"198":{"start":{"line":409,"column":4},"end":{"line":409,"column":21}},"199":{"start":{"line":410,"column":4},"end":{"line":410,"column":38}},"200":{"start":{"line":411,"column":4},"end":{"line":411,"column":18}},"201":{"start":{"line":413,"column":4},"end":{"line":413,"column":31}},"202":{"start":{"line":420,"column":20},"end":{"line":420,"column":59}},"203":{"start":{"line":421,"column":12},"end":{"line":421,"column":50}},"204":{"start":{"line":422,"column":2},"end":{"line":424,"column":3}},"205":{"start":{"line":423,"column":4},"end":{"line":423,"column":24}},"206":{"start":{"line":425,"column":2},"end":{"line":427,"column":3}},"207":{"start":{"line":426,"column":4},"end":{"line":426,"column":24}},"208":{"start":{"line":429,"column":2},"end":{"line":431,"column":3}},"209":{"start":{"line":430,"column":4},"end":{"line":430,"column":36}},"210":{"start":{"line":432,"column":2},"end":{"line":434,"column":3}},"211":{"start":{"line":433,"column":4},"end":{"line":433,"column":35}},"212":{"start":{"line":436,"column":2},"end":{"line":438,"column":3}},"213":{"start":{"line":437,"column":4},"end":{"line":437,"column":30}},"214":{"start":{"line":443,"column":2},"end":{"line":446,"column":5}},"215":{"start":{"line":444,"column":4},"end":{"line":444,"column":35}},"216":{"start":{"line":445,"column":4},"end":{"line":445,"column":38}},"217":{"start":{"line":452,"column":22},"end":{"line":452,"column":23}},"218":{"start":{"line":453,"column":2},"end":{"line":463,"column":5}},"219":{"start":{"line":454,"column":22},"end":{"line":454,"column":56}},"220":{"start":{"line":455,"column":4},"end":{"line":455,"column":38}},"221":{"start":{"line":456,"column":4},"end":{"line":456,"column":35}},"222":{"start":{"line":457,"column":4},"end":{"line":462,"column":5}},"223":{"start":{"line":458,"column":6},"end":{"line":458,"column":40}},"224":{"start":{"line":459,"column":6},"end":{"line":459,"column":37}},"225":{"start":{"line":461,"column":6},"end":{"line":461,"column":25}},"226":{"start":{"line":464,"column":2},"end":{"line":466,"column":3}},"227":{"start":{"line":465,"column":4},"end":{"line":465,"column":18}},"228":{"start":{"line":467,"column":2},"end":{"line":467,"column":23}},"229":{"start":{"line":473,"column":22},"end":{"line":473,"column":23}},"230":{"start":{"line":474,"column":2},"end":{"line":484,"column":5}},"231":{"start":{"line":475,"column":4},"end":{"line":475,"column":38}},"232":{"start":{"line":476,"column":4},"end":{"line":476,"column":35}},"233":{"start":{"line":477,"column":24},"end":{"line":477,"column":58}},"234":{"start":{"line":479,"column":4},"end":{"line":483,"column":5}},"235":{"start":{"line":480,"column":6},"end":{"line":480,"column":40}},"236":{"start":{"line":481,"column":6},"end":{"line":481,"column":37}},"237":{"start":{"line":482,"column":6},"end":{"line":482,"column":25}},"238":{"start":{"line":486,"column":2},"end":{"line":488,"column":3}},"239":{"start":{"line":487,"column":4},"end":{"line":487,"column":18}},"240":{"start":{"line":490,"column":2},"end":{"line":490,"column":23}},"241":{"start":{"line":494,"column":14},"end":{"line":494,"column":16}},"242":{"start":{"line":495,"column":2},"end":{"line":499,"column":3}},"243":{"start":{"line":496,"column":4},"end":{"line":496,"column":15}},"244":{"start":{"line":498,"column":4},"end":{"line":498,"column":54}},"245":{"start":{"line":500,"column":2},"end":{"line":500,"column":15}},"246":{"start":{"line":505,"column":16},"end":{"line":505,"column":41}},"247":{"start":{"line":506,"column":2},"end":{"line":506,"column":19}},"248":{"start":{"line":507,"column":2},"end":{"line":507,"column":55}},"249":{"start":{"line":512,"column":16},"end":{"line":512,"column":57}},"250":{"start":{"line":513,"column":2},"end":{"line":519,"column":3}},"251":{"start":{"line":514,"column":25},"end":{"line":514,"column":48}},"252":{"start":{"line":515,"column":4},"end":{"line":515,"column":37}},"253":{"start":{"line":516,"column":4},"end":{"line":516,"column":64}},"254":{"start":{"line":518,"column":4},"end":{"line":518,"column":27}},"255":{"start":{"line":524,"column":16},"end":{"line":524,"column":41}},"256":{"start":{"line":526,"column":22},"end":{"line":526,"column":58}},"257":{"start":{"line":528,"column":2},"end":{"line":544,"column":3}},"258":{"start":{"line":529,"column":33},"end":{"line":531,"column":5}},"259":{"start":{"line":530,"column":16},"end":{"line":530,"column":45}},"260":{"start":{"line":533,"column":21},"end":{"line":538,"column":6}},"261":{"start":{"line":534,"column":6},"end":{"line":537,"column":8}},"262":{"start":{"line":540,"column":4},"end":{"line":540,"column":37}},"263":{"start":{"line":541,"column":4},"end":{"line":541,"column":60}},"264":{"start":{"line":543,"column":4},"end":{"line":543,"column":47}},"265":{"start":{"line":547,"column":16},"end":{"line":547,"column":41}},"266":{"start":{"line":548,"column":22},"end":{"line":548,"column":58}},"267":{"start":{"line":549,"column":2},"end":{"line":554,"column":3}},"268":{"start":{"line":550,"column":19},"end":{"line":550,"column":72}},"269":{"start":{"line":550,"column":42},"end":{"line":550,"column":71}},"270":{"start":{"line":551,"column":4},"end":{"line":551,"column":16}},"271":{"start":{"line":553,"column":4},"end":{"line":553,"column":50}},"272":{"start":{"line":559,"column":17},"end":{"line":559,"column":65}},"273":{"start":{"line":559,"column":43},"end":{"line":559,"column":64}},"274":{"start":{"line":561,"column":2},"end":{"line":565,"column":3}},"275":{"start":{"line":562,"column":4},"end":{"line":562,"column":16}},"276":{"start":{"line":564,"column":4},"end":{"line":564,"column":17}},"277":{"start":{"line":570,"column":22},"end":{"line":570,"column":64}},"278":{"start":{"line":571,"column":2},"end":{"line":586,"column":3}},"279":{"start":{"line":572,"column":21},"end":{"line":582,"column":6}},"280":{"start":{"line":573,"column":6},"end":{"line":580,"column":7}},"281":{"start":{"line":574,"column":8},"end":{"line":574,"column":38}},"282":{"start":{"line":575,"column":8},"end":{"line":575,"column":40}},"283":{"start":{"line":577,"column":8},"end":{"line":577,"column":20}},"284":{"start":{"line":579,"column":8},"end":{"line":579,"column":20}},"285":{"start":{"line":583,"column":4},"end":{"line":583,"column":20}},"286":{"start":{"line":585,"column":4},"end":{"line":585,"column":46}},"287":{"start":{"line":591,"column":16},"end":{"line":591,"column":41}},"288":{"start":{"line":593,"column":2},"end":{"line":597,"column":3}},"289":{"start":{"line":594,"column":4},"end":{"line":594,"column":13}},"290":{"start":{"line":596,"column":4},"end":{"line":596,"column":24}},"291":{"start":{"line":603,"column":2},"end":{"line":616,"column":3}},"292":{"start":{"line":604,"column":4},"end":{"line":613,"column":5}},"293":{"start":{"line":605,"column":6},"end":{"line":605,"column":42}},"294":{"start":{"line":606,"column":6},"end":{"line":606,"column":38}},"295":{"start":{"line":607,"column":6},"end":{"line":607,"column":34}},"296":{"start":{"line":608,"column":6},"end":{"line":608,"column":52}},"297":{"start":{"line":609,"column":6},"end":{"line":609,"column":25}},"298":{"start":{"line":610,"column":6},"end":{"line":610,"column":20}},"299":{"start":{"line":612,"column":6},"end":{"line":612,"column":19}},"300":{"start":{"line":615,"column":4},"end":{"line":615,"column":11}},"301":{"start":{"line":620,"column":16},"end":{"line":620,"column":41}},"302":{"start":{"line":622,"column":24},"end":{"line":624,"column":3}},"303":{"start":{"line":623,"column":14},"end":{"line":623,"column":63}},"304":{"start":{"line":625,"column":19},"end":{"line":630,"column":4}},"305":{"start":{"line":626,"column":4},"end":{"line":629,"column":6}},"306":{"start":{"line":631,"column":2},"end":{"line":631,"column":58}},"307":{"start":{"line":636,"column":2},"end":{"line":637,"column":40}},"308":{"start":{"line":637,"column":4},"end":{"line":637,"column":40}},"309":{"start":{"line":638,"column":2},"end":{"line":639,"column":70}},"310":{"start":{"line":639,"column":4},"end":{"line":639,"column":70}},"311":{"start":{"line":640,"column":2},"end":{"line":641,"column":66}},"312":{"start":{"line":641,"column":4},"end":{"line":641,"column":66}},"313":{"start":{"line":642,"column":2},"end":{"line":643,"column":50}},"314":{"start":{"line":643,"column":4},"end":{"line":643,"column":50}},"315":{"start":{"line":644,"column":2},"end":{"line":645,"column":44}},"316":{"start":{"line":645,"column":4},"end":{"line":645,"column":44}},"317":{"start":{"line":646,"column":2},"end":{"line":646,"column":14}},"318":{"start":{"line":651,"column":21},"end":{"line":651,"column":32}},"319":{"start":{"line":653,"column":2},"end":{"line":657,"column":3}},"320":{"start":{"line":654,"column":4},"end":{"line":654,"column":31}},"321":{"start":{"line":656,"column":4},"end":{"line":656,"column":16}},"322":{"start":{"line":661,"column":13},"end":{"line":661,"column":33}},"323":{"start":{"line":662,"column":2},"end":{"line":664,"column":54}},"324":{"start":{"line":663,"column":4},"end":{"line":663,"column":16}},"325":{"start":{"line":664,"column":9},"end":{"line":664,"column":54}},"326":{"start":{"line":668,"column":21},"end":{"line":668,"column":32}},"327":{"start":{"line":669,"column":2},"end":{"line":673,"column":3}},"328":{"start":{"line":670,"column":4},"end":{"line":670,"column":16}},"329":{"start":{"line":672,"column":4},"end":{"line":672,"column":42}},"330":{"start":{"line":678,"column":23},"end":{"line":678,"column":46}},"331":{"start":{"line":680,"column":2},"end":{"line":684,"column":3}},"332":{"start":{"line":681,"column":4},"end":{"line":681,"column":16}},"333":{"start":{"line":683,"column":4},"end":{"line":683,"column":68}},"334":{"start":{"line":688,"column":21},"end":{"line":688,"column":32}},"335":{"start":{"line":689,"column":2},"end":{"line":691,"column":49}},"336":{"start":{"line":690,"column":4},"end":{"line":690,"column":16}},"337":{"start":{"line":691,"column":9},"end":{"line":691,"column":49}},"338":{"start":{"line":694,"column":0},"end":{"line":719,"column":2}}},"fnMap":{"0":{"name":"(anonymous_0)","decl":{"start":{"line":27,"column":36},"end":{"line":27,"column":37}},"loc":{"start":{"line":27,"column":42},"end":{"line":30,"column":3}},"line":27},"1":{"name":"submitForm","decl":{"start":{"line":33,"column":9},"end":{"line":33,"column":19}},"loc":{"start":{"line":33,"column":27},"end":{"line":52,"column":1}},"line":33},"2":{"name":"getValidInputValue","decl":{"start":{"line":54,"column":9},"end":{"line":54,"column":27}},"loc":{"start":{"line":54,"column":40},"end":{"line":68,"column":1}},"line":54},"3":{"name":"submitEditForm","decl":{"start":{"line":70,"column":9},"end":{"line":70,"column":23}},"loc":{"start":{"line":70,"column":49},"end":{"line":86,"column":1}},"line":70},"4":{"name":"renderTasks","decl":{"start":{"line":88,"column":9},"end":{"line":88,"column":20}},"loc":{"start":{"line":88,"column":23},"end":{"line":111,"column":1}},"line":88},"5":{"name":"(anonymous_5)","decl":{"start":{"line":98,"column":18},"end":{"line":98,"column":19}},"loc":{"start":{"line":98,"column":28},"end":{"line":106,"column":5}},"line":98},"6":{"name":"removeError","decl":{"start":{"line":113,"column":9},"end":{"line":113,"column":20}},"loc":{"start":{"line":113,"column":24},"end":{"line":117,"column":1}},"line":113},"7":{"name":"noTaskFound","decl":{"start":{"line":119,"column":9},"end":{"line":119,"column":20}},"loc":{"start":{"line":119,"column":23},"end":{"line":127,"column":1}},"line":119},"8":{"name":"removeNoTaskFound","decl":{"start":{"line":128,"column":9},"end":{"line":128,"column":26}},"loc":{"start":{"line":128,"column":29},"end":{"line":134,"column":1}},"line":128},"9":{"name":"createTask","decl":{"start":{"line":136,"column":9},"end":{"line":136,"column":19}},"loc":{"start":{"line":136,"column":30},"end":{"line":151,"column":1}},"line":136},"10":{"name":"createTaskCard","decl":{"start":{"line":153,"column":9},"end":{"line":153,"column":23}},"loc":{"start":{"line":153,"column":55},"end":{"line":168,"column":1}},"line":153},"11":{"name":"createToDoButtons","decl":{"start":{"line":169,"column":9},"end":{"line":169,"column":26}},"loc":{"start":{"line":169,"column":40},"end":{"line":212,"column":1}},"line":169},"12":{"name":"createIconButton","decl":{"start":{"line":214,"column":9},"end":{"line":214,"column":25}},"loc":{"start":{"line":221,"column":2},"end":{"line":233,"column":1}},"line":221},"13":{"name":"createTaskName","decl":{"start":{"line":234,"column":9},"end":{"line":234,"column":23}},"loc":{"start":{"line":234,"column":47},"end":{"line":260,"column":1}},"line":234},"14":{"name":"createCheckbox","decl":{"start":{"line":262,"column":9},"end":{"line":262,"column":23}},"loc":{"start":{"line":262,"column":26},"end":{"line":276,"column":1}},"line":262},"15":{"name":"noneSelected","decl":{"start":{"line":277,"column":9},"end":{"line":277,"column":21}},"loc":{"start":{"line":277,"column":24},"end":{"line":283,"column":1}},"line":277},"16":{"name":"selectTask","decl":{"start":{"line":285,"column":9},"end":{"line":285,"column":19}},"loc":{"start":{"line":285,"column":23},"end":{"line":301,"column":1}},"line":285},"17":{"name":"(anonymous_17)","decl":{"start":{"line":296,"column":6},"end":{"line":296,"column":7}},"loc":{"start":{"line":296,"column":24},"end":{"line":296,"column":54}},"line":296},"18":{"name":"checkAndEditTask","decl":{"start":{"line":302,"column":9},"end":{"line":302,"column":25}},"loc":{"start":{"line":302,"column":29},"end":{"line":310,"column":1}},"line":302},"19":{"name":"confirmAndDeleteTask","decl":{"start":{"line":311,"column":9},"end":{"line":311,"column":29}},"loc":{"start":{"line":311,"column":33},"end":{"line":316,"column":1}},"line":311},"20":{"name":"completeTask","decl":{"start":{"line":317,"column":9},"end":{"line":317,"column":21}},"loc":{"start":{"line":317,"column":25},"end":{"line":320,"column":1}},"line":317},"21":{"name":"checkInputNotExist","decl":{"start":{"line":322,"column":9},"end":{"line":322,"column":27}},"loc":{"start":{"line":322,"column":30},"end":{"line":333,"column":1}},"line":322},"22":{"name":"editTask","decl":{"start":{"line":334,"column":9},"end":{"line":334,"column":17}},"loc":{"start":{"line":334,"column":26},"end":{"line":356,"column":1}},"line":334},"23":{"name":"cancelEditTask","decl":{"start":{"line":357,"column":9},"end":{"line":357,"column":23}},"loc":{"start":{"line":357,"column":27},"end":{"line":372,"column":1}},"line":357},"24":{"name":"deleteTask","decl":{"start":{"line":373,"column":9},"end":{"line":373,"column":19}},"loc":{"start":{"line":373,"column":28},"end":{"line":386,"column":1}},"line":373},"25":{"name":"isTaskCompleted","decl":{"start":{"line":388,"column":9},"end":{"line":388,"column":24}},"loc":{"start":{"line":388,"column":33},"end":{"line":415,"column":1}},"line":388},"26":{"name":"filterTodos","decl":{"start":{"line":417,"column":9},"end":{"line":417,"column":20}},"loc":{"start":{"line":417,"column":36},"end":{"line":439,"column":1}},"line":417},"27":{"name":"renderAllTodos","decl":{"start":{"line":440,"column":9},"end":{"line":440,"column":23}},"loc":{"start":{"line":440,"column":35},"end":{"line":447,"column":1}},"line":440},"28":{"name":"(anonymous_28)","decl":{"start":{"line":443,"column":20},"end":{"line":443,"column":21}},"loc":{"start":{"line":443,"column":34},"end":{"line":446,"column":3}},"line":443},"29":{"name":"renderAssignedTodos","decl":{"start":{"line":449,"column":9},"end":{"line":449,"column":28}},"loc":{"start":{"line":449,"column":40},"end":{"line":468,"column":1}},"line":449},"30":{"name":"(anonymous_30)","decl":{"start":{"line":453,"column":20},"end":{"line":453,"column":21}},"loc":{"start":{"line":453,"column":34},"end":{"line":463,"column":3}},"line":453},"31":{"name":"renderCompletedTodos","decl":{"start":{"line":470,"column":9},"end":{"line":470,"column":29}},"loc":{"start":{"line":470,"column":41},"end":{"line":491,"column":1}},"line":470},"32":{"name":"(anonymous_32)","decl":{"start":{"line":474,"column":20},"end":{"line":474,"column":21}},"loc":{"start":{"line":474,"column":34},"end":{"line":484,"column":3}},"line":474},"33":{"name":"getTodoFromLocalStorage","decl":{"start":{"line":492,"column":9},"end":{"line":492,"column":32}},"loc":{"start":{"line":492,"column":35},"end":{"line":501,"column":1}},"line":492},"34":{"name":"saveTodoToLocalStorage","decl":{"start":{"line":503,"column":9},"end":{"line":503,"column":31}},"loc":{"start":{"line":503,"column":38},"end":{"line":508,"column":1}},"line":503},"35":{"name":"updateTodotoLocalStorage","decl":{"start":{"line":510,"column":9},"end":{"line":510,"column":33}},"loc":{"start":{"line":510,"column":40},"end":{"line":520,"column":1}},"line":510},"36":{"name":"deleteTodofromLocalStorage","decl":{"start":{"line":522,"column":9},"end":{"line":522,"column":35}},"loc":{"start":{"line":522,"column":43},"end":{"line":545,"column":1}},"line":522},"37":{"name":"(anonymous_37)","decl":{"start":{"line":530,"column":6},"end":{"line":530,"column":7}},"loc":{"start":{"line":530,"column":16},"end":{"line":530,"column":45}},"line":530},"38":{"name":"(anonymous_38)","decl":{"start":{"line":533,"column":46},"end":{"line":533,"column":47}},"loc":{"start":{"line":533,"column":63},"end":{"line":538,"column":5}},"line":533},"39":{"name":"getTodoFromLocalStorageUsingIndex","decl":{"start":{"line":546,"column":9},"end":{"line":546,"column":42}},"loc":{"start":{"line":546,"column":50},"end":{"line":555,"column":1}},"line":546},"40":{"name":"(anonymous_40)","decl":{"start":{"line":550,"column":32},"end":{"line":550,"column":33}},"loc":{"start":{"line":550,"column":42},"end":{"line":550,"column":71}},"line":550},"41":{"name":"checkTaskExist","decl":{"start":{"line":557,"column":9},"end":{"line":557,"column":23}},"loc":{"start":{"line":557,"column":38},"end":{"line":566,"column":1}},"line":557},"42":{"name":"(anonymous_42)","decl":{"start":{"line":559,"column":33},"end":{"line":559,"column":34}},"loc":{"start":{"line":559,"column":43},"end":{"line":559,"column":64}},"line":559},"43":{"name":"updateTask","decl":{"start":{"line":568,"column":9},"end":{"line":568,"column":19}},"loc":{"start":{"line":568,"column":33},"end":{"line":587,"column":1}},"line":568},"44":{"name":"(anonymous_44)","decl":{"start":{"line":572,"column":31},"end":{"line":572,"column":32}},"loc":{"start":{"line":572,"column":41},"end":{"line":582,"column":5}},"line":572},"45":{"name":"getNextIndexFromLocalStorage","decl":{"start":{"line":589,"column":9},"end":{"line":589,"column":37}},"loc":{"start":{"line":589,"column":40},"end":{"line":598,"column":1}},"line":589},"46":{"name":"deleteAll","decl":{"start":{"line":600,"column":9},"end":{"line":600,"column":18}},"loc":{"start":{"line":600,"column":21},"end":{"line":617,"column":1}},"line":600},"47":{"name":"deleteSelectedFromLocalStorage","decl":{"start":{"line":619,"column":9},"end":{"line":619,"column":39}},"loc":{"start":{"line":619,"column":55},"end":{"line":632,"column":1}},"line":619},"48":{"name":"(anonymous_48)","decl":{"start":{"line":623,"column":4},"end":{"line":623,"column":5}},"loc":{"start":{"line":623,"column":14},"end":{"line":623,"column":63}},"line":623},"49":{"name":"(anonymous_49)","decl":{"start":{"line":625,"column":37},"end":{"line":625,"column":38}},"loc":{"start":{"line":625,"column":54},"end":{"line":630,"column":3}},"line":625},"50":{"name":"validateText","decl":{"start":{"line":634,"column":9},"end":{"line":634,"column":21}},"loc":{"start":{"line":634,"column":29},"end":{"line":647,"column":1}},"line":634},"51":{"name":"validateNoEmptyString","decl":{"start":{"line":649,"column":9},"end":{"line":649,"column":30}},"loc":{"start":{"line":649,"column":37},"end":{"line":658,"column":1}},"line":649},"52":{"name":"validateThereisNoSpecialCharactersOnFirstLetter","decl":{"start":{"line":659,"column":9},"end":{"line":659,"column":56}},"loc":{"start":{"line":659,"column":63},"end":{"line":665,"column":1}},"line":659},"53":{"name":"validateNotMorThan150Characters","decl":{"start":{"line":666,"column":9},"end":{"line":666,"column":40}},"loc":{"start":{"line":666,"column":47},"end":{"line":674,"column":1}},"line":666},"54":{"name":"validateOnlyAlphaNumericAndAllowedSpecialCharacters","decl":{"start":{"line":676,"column":9},"end":{"line":676,"column":60}},"loc":{"start":{"line":676,"column":67},"end":{"line":685,"column":1}},"line":676},"55":{"name":"validateMinimumCharacters","decl":{"start":{"line":686,"column":9},"end":{"line":686,"column":34}},"loc":{"start":{"line":686,"column":41},"end":{"line":692,"column":1}},"line":686}},"branchMap":{"0":{"loc":{"start":{"line":40,"column":2},"end":{"line":51,"column":3}},"type":"if","locations":[{"start":{"line":40,"column":2},"end":{"line":51,"column":3}},{"start":{},"end":{}}],"line":40},"1":{"loc":{"start":{"line":43,"column":4},"end":{"line":49,"column":5}},"type":"if","locations":[{"start":{"line":43,"column":4},"end":{"line":49,"column":5}},{"start":{"line":47,"column":11},"end":{"line":49,"column":5}}],"line":43},"2":{"loc":{"start":{"line":60,"column":2},"end":{"line":67,"column":3}},"type":"if","locations":[{"start":{"line":60,"column":2},"end":{"line":67,"column":3}},{"start":{"line":63,"column":9},"end":{"line":67,"column":3}}],"line":60},"3":{"loc":{"start":{"line":94,"column":2},"end":{"line":107,"column":3}},"type":"if","locations":[{"start":{"line":94,"column":2},"end":{"line":107,"column":3}},{"start":{"line":96,"column":9},"end":{"line":107,"column":3}}],"line":94},"4":{"loc":{"start":{"line":131,"column":2},"end":{"line":133,"column":3}},"type":"if","locations":[{"start":{"line":131,"column":2},"end":{"line":133,"column":3}},{"start":{},"end":{}}],"line":131},"5":{"loc":{"start":{"line":159,"column":2},"end":{"line":161,"column":3}},"type":"if","locations":[{"start":{"line":159,"column":2},"end":{"line":161,"column":3}},{"start":{},"end":{}}],"line":159},"6":{"loc":{"start":{"line":189,"column":2},"end":{"line":209,"column":3}},"type":"if","locations":[{"start":{"line":189,"column":2},"end":{"line":209,"column":3}},{"start":{"line":199,"column":9},"end":{"line":209,"column":3}}],"line":189},"7":{"loc":{"start":{"line":246,"column":2},"end":{"line":248,"column":3}},"type":"if","locations":[{"start":{"line":246,"column":2},"end":{"line":248,"column":3}},{"start":{},"end":{}}],"line":246},"8":{"loc":{"start":{"line":278,"column":2},"end":{"line":282,"column":3}},"type":"if","locations":[{"start":{"line":278,"column":2},"end":{"line":282,"column":3}},{"start":{"line":280,"column":9},"end":{"line":282,"column":3}}],"line":278},"9":{"loc":{"start":{"line":292,"column":2},"end":{"line":298,"column":3}},"type":"if","locations":[{"start":{"line":292,"column":2},"end":{"line":298,"column":3}},{"start":{"line":294,"column":9},"end":{"line":298,"column":3}}],"line":292},"10":{"loc":{"start":{"line":305,"column":2},"end":{"line":309,"column":3}},"type":"if","locations":[{"start":{"line":305,"column":2},"end":{"line":309,"column":3}},{"start":{"line":307,"column":7},"end":{"line":309,"column":3}}],"line":305},"11":{"loc":{"start":{"line":313,"column":2},"end":{"line":315,"column":3}},"type":"if","locations":[{"start":{"line":313,"column":2},"end":{"line":315,"column":3}},{"start":{},"end":{}}],"line":313},"12":{"loc":{"start":{"line":325,"column":2},"end":{"line":331,"column":3}},"type":"if","locations":[{"start":{"line":325,"column":2},"end":{"line":331,"column":3}},{"start":{"line":329,"column":7},"end":{"line":331,"column":3}}],"line":325},"13":{"loc":{"start":{"line":340,"column":2},"end":{"line":355,"column":3}},"type":"if","locations":[{"start":{"line":340,"column":2},"end":{"line":355,"column":3}},{"start":{"line":353,"column":7},"end":{"line":355,"column":3}}],"line":340},"14":{"loc":{"start":{"line":358,"column":2},"end":{"line":369,"column":3}},"type":"if","locations":[{"start":{"line":358,"column":2},"end":{"line":369,"column":3}},{"start":{},"end":{}}],"line":358},"15":{"loc":{"start":{"line":404,"column":4},"end":{"line":408,"column":5}},"type":"if","locations":[{"start":{"line":404,"column":4},"end":{"line":408,"column":5}},{"start":{"line":406,"column":11},"end":{"line":408,"column":5}}],"line":404},"16":{"loc":{"start":{"line":422,"column":2},"end":{"line":424,"column":3}},"type":"if","locations":[{"start":{"line":422,"column":2},"end":{"line":424,"column":3}},{"start":{},"end":{}}],"line":422},"17":{"loc":{"start":{"line":425,"column":2},"end":{"line":427,"column":3}},"type":"if","locations":[{"start":{"line":425,"column":2},"end":{"line":427,"column":3}},{"start":{},"end":{}}],"line":425},"18":{"loc":{"start":{"line":425,"column":6},"end":{"line":425,"column":34}},"type":"binary-expr","locations":[{"start":{"line":425,"column":6},"end":{"line":425,"column":7}},{"start":{"line":425,"column":11},"end":{"line":425,"column":34}}],"line":425},"19":{"loc":{"start":{"line":429,"column":2},"end":{"line":431,"column":3}},"type":"if","locations":[{"start":{"line":429,"column":2},"end":{"line":431,"column":3}},{"start":{},"end":{}}],"line":429},"20":{"loc":{"start":{"line":432,"column":2},"end":{"line":434,"column":3}},"type":"if","locations":[{"start":{"line":432,"column":2},"end":{"line":434,"column":3}},{"start":{},"end":{}}],"line":432},"21":{"loc":{"start":{"line":436,"column":2},"end":{"line":438,"column":3}},"type":"if","locations":[{"start":{"line":436,"column":2},"end":{"line":438,"column":3}},{"start":{},"end":{}}],"line":436},"22":{"loc":{"start":{"line":457,"column":4},"end":{"line":462,"column":5}},"type":"if","locations":[{"start":{"line":457,"column":4},"end":{"line":462,"column":5}},{"start":{"line":460,"column":11},"end":{"line":462,"column":5}}],"line":457},"23":{"loc":{"start":{"line":464,"column":2},"end":{"line":466,"column":3}},"type":"if","locations":[{"start":{"line":464,"column":2},"end":{"line":466,"column":3}},{"start":{},"end":{}}],"line":464},"24":{"loc":{"start":{"line":479,"column":4},"end":{"line":483,"column":5}},"type":"if","locations":[{"start":{"line":479,"column":4},"end":{"line":483,"column":5}},{"start":{},"end":{}}],"line":479},"25":{"loc":{"start":{"line":486,"column":2},"end":{"line":488,"column":3}},"type":"if","locations":[{"start":{"line":486,"column":2},"end":{"line":488,"column":3}},{"start":{},"end":{}}],"line":486},"26":{"loc":{"start":{"line":495,"column":2},"end":{"line":499,"column":3}},"type":"if","locations":[{"start":{"line":495,"column":2},"end":{"line":499,"column":3}},{"start":{"line":497,"column":9},"end":{"line":499,"column":3}}],"line":495},"27":{"loc":{"start":{"line":528,"column":2},"end":{"line":544,"column":3}},"type":"if","locations":[{"start":{"line":528,"column":2},"end":{"line":544,"column":3}},{"start":{"line":542,"column":9},"end":{"line":544,"column":3}}],"line":528},"28":{"loc":{"start":{"line":549,"column":2},"end":{"line":554,"column":3}},"type":"if","locations":[{"start":{"line":549,"column":2},"end":{"line":554,"column":3}},{"start":{"line":552,"column":9},"end":{"line":554,"column":3}}],"line":549},"29":{"loc":{"start":{"line":561,"column":2},"end":{"line":565,"column":3}},"type":"if","locations":[{"start":{"line":561,"column":2},"end":{"line":565,"column":3}},{"start":{"line":563,"column":9},"end":{"line":565,"column":3}}],"line":561},"30":{"loc":{"start":{"line":571,"column":2},"end":{"line":586,"column":3}},"type":"if","locations":[{"start":{"line":571,"column":2},"end":{"line":586,"column":3}},{"start":{"line":584,"column":9},"end":{"line":586,"column":3}}],"line":571},"31":{"loc":{"start":{"line":573,"column":6},"end":{"line":580,"column":7}},"type":"if","locations":[{"start":{"line":573,"column":6},"end":{"line":580,"column":7}},{"start":{"line":578,"column":11},"end":{"line":580,"column":7}}],"line":573},"32":{"loc":{"start":{"line":593,"column":2},"end":{"line":597,"column":3}},"type":"if","locations":[{"start":{"line":593,"column":2},"end":{"line":597,"column":3}},{"start":{"line":595,"column":9},"end":{"line":597,"column":3}}],"line":593},"33":{"loc":{"start":{"line":603,"column":2},"end":{"line":616,"column":3}},"type":"if","locations":[{"start":{"line":603,"column":2},"end":{"line":616,"column":3}},{"start":{"line":614,"column":7},"end":{"line":616,"column":3}}],"line":603},"34":{"loc":{"start":{"line":604,"column":4},"end":{"line":613,"column":5}},"type":"if","locations":[{"start":{"line":604,"column":4},"end":{"line":613,"column":5}},{"start":{"line":611,"column":9},"end":{"line":613,"column":5}}],"line":604},"35":{"loc":{"start":{"line":636,"column":2},"end":{"line":637,"column":40}},"type":"if","locations":[{"start":{"line":636,"column":2},"end":{"line":637,"column":40}},{"start":{},"end":{}}],"line":636},"36":{"loc":{"start":{"line":638,"column":2},"end":{"line":639,"column":70}},"type":"if","locations":[{"start":{"line":638,"column":2},"end":{"line":639,"column":70}},{"start":{},"end":{}}],"line":638},"37":{"loc":{"start":{"line":640,"column":2},"end":{"line":641,"column":66}},"type":"if","locations":[{"start":{"line":640,"column":2},"end":{"line":641,"column":66}},{"start":{},"end":{}}],"line":640},"38":{"loc":{"start":{"line":642,"column":2},"end":{"line":643,"column":50}},"type":"if","locations":[{"start":{"line":642,"column":2},"end":{"line":643,"column":50}},{"start":{},"end":{}}],"line":642},"39":{"loc":{"start":{"line":644,"column":2},"end":{"line":645,"column":44}},"type":"if","locations":[{"start":{"line":644,"column":2},"end":{"line":645,"column":44}},{"start":{},"end":{}}],"line":644},"40":{"loc":{"start":{"line":653,"column":2},"end":{"line":657,"column":3}},"type":"if","locations":[{"start":{"line":653,"column":2},"end":{"line":657,"column":3}},{"start":{"line":655,"column":9},"end":{"line":657,"column":3}}],"line":653},"41":{"loc":{"start":{"line":662,"column":2},"end":{"line":664,"column":54}},"type":"if","locations":[{"start":{"line":662,"column":2},"end":{"line":664,"column":54}},{"start":{"line":664,"column":9},"end":{"line":664,"column":54}}],"line":662},"42":{"loc":{"start":{"line":669,"column":2},"end":{"line":673,"column":3}},"type":"if","locations":[{"start":{"line":669,"column":2},"end":{"line":673,"column":3}},{"start":{"line":671,"column":9},"end":{"line":673,"column":3}}],"line":669},"43":{"loc":{"start":{"line":680,"column":2},"end":{"line":684,"column":3}},"type":"if","locations":[{"start":{"line":680,"column":2},"end":{"line":684,"column":3}},{"start":{"line":682,"column":9},"end":{"line":684,"column":3}}],"line":680},"44":{"loc":{"start":{"line":689,"column":2},"end":{"line":691,"column":49}},"type":"if","locations":[{"start":{"line":689,"column":2},"end":{"line":691,"column":49}},{"start":{"line":691,"column":9},"end":{"line":691,"column":49}}],"line":689}},"s":{"0":63,"1":63,"2":63,"3":63,"4":63,"5":63,"6":63,"7":63,"8":63,"9":63,"10":63,"11":63,"12":63,"13":63,"14":63,"15":63,"16":63,"17":63,"18":63,"19":189,"20":4,"21":4,"22":48,"23":48,"24":48,"25":48,"26":48,"27":41,"28":41,"29":1,"30":1,"31":1,"32":40,"33":41,"34":50,"35":50,"36":50,"37":42,"38":42,"39":8,"40":8,"41":8,"42":1,"43":1,"44":1,"45":1,"46":1,"47":1,"48":1,"49":1,"50":1,"51":54,"52":54,"53":54,"54":4,"55":50,"56":50,"57":145,"58":145,"59":54,"60":54,"61":60,"62":8,"63":8,"64":8,"65":8,"66":8,"67":143,"68":143,"69":3,"70":40,"71":40,"72":40,"73":40,"74":40,"75":40,"76":146,"77":146,"78":146,"79":146,"80":146,"81":19,"82":146,"83":146,"84":146,"85":146,"86":146,"87":148,"88":148,"89":148,"90":148,"91":148,"92":20,"93":20,"94":128,"95":128,"96":148,"97":445,"98":445,"99":445,"100":445,"101":445,"102":445,"103":445,"104":445,"105":445,"106":445,"107":147,"108":147,"109":147,"110":147,"111":147,"112":147,"113":147,"114":147,"115":20,"116":147,"117":147,"118":147,"119":147,"120":147,"121":147,"122":147,"123":147,"124":147,"125":147,"126":147,"127":147,"128":67,"129":54,"130":13,"131":13,"132":13,"133":13,"134":13,"135":13,"136":10,"137":3,"138":18,"139":13,"140":7,"141":7,"142":6,"143":1,"144":2,"145":2,"146":1,"147":3,"148":3,"149":9,"150":9,"151":2,"152":7,"153":6,"154":6,"155":6,"156":6,"157":6,"158":6,"159":6,"160":6,"161":6,"162":6,"163":6,"164":6,"165":6,"166":6,"167":6,"168":0,"169":2,"170":1,"171":1,"172":1,"173":1,"174":1,"175":1,"176":1,"177":1,"178":1,"179":1,"180":1,"181":1,"182":1,"183":1,"184":1,"185":1,"186":0,"187":3,"188":3,"189":3,"190":3,"191":3,"192":3,"193":3,"194":3,"195":3,"196":2,"197":1,"198":3,"199":3,"200":3,"201":0,"202":54,"203":54,"204":54,"205":50,"206":54,"207":3,"208":54,"209":1,"210":54,"211":2,"212":54,"213":51,"214":51,"215":145,"216":145,"217":3,"218":3,"219":7,"220":7,"221":7,"222":7,"223":7,"224":7,"225":0,"226":3,"227":3,"228":3,"229":2,"230":2,"231":7,"232":7,"233":7,"234":7,"235":4,"236":4,"237":4,"238":2,"239":1,"240":2,"241":186,"242":186,"243":50,"244":136,"245":186,"246":72,"247":72,"248":72,"249":6,"250":6,"251":6,"252":6,"253":6,"254":0,"255":2,"256":2,"257":2,"258":2,"259":8,"260":2,"261":6,"262":2,"263":2,"264":0,"265":5,"266":5,"267":5,"268":4,"269":4,"270":4,"271":1,"272":13,"273":16,"274":13,"275":12,"276":1,"277":6,"278":6,"279":6,"280":6,"281":6,"282":6,"283":6,"284":0,"285":6,"286":0,"287":42,"288":42,"289":19,"290":23,"291":2,"292":2,"293":2,"294":2,"295":2,"296":2,"297":2,"298":2,"299":0,"300":0,"301":3,"302":3,"303":19,"304":3,"305":9,"306":3,"307":52,"308":2,"309":50,"310":4,"311":46,"312":1,"313":45,"314":1,"315":44,"316":1,"317":43,"318":56,"319":56,"320":5,"321":51,"322":49,"323":49,"324":46,"325":3,"326":48,"327":48,"328":45,"329":3,"330":56,"331":56,"332":47,"333":9,"334":47,"335":47,"336":44,"337":3,"338":63},"f":{"0":4,"1":48,"2":50,"3":1,"4":54,"5":145,"6":60,"7":8,"8":143,"9":40,"10":146,"11":148,"12":445,"13":147,"14":147,"15":67,"16":13,"17":18,"18":7,"19":2,"20":3,"21":9,"22":6,"23":2,"24":1,"25":3,"26":54,"27":51,"28":145,"29":3,"30":7,"31":2,"32":7,"33":186,"34":72,"35":6,"36":2,"37":8,"38":6,"39":5,"40":4,"41":13,"42":16,"43":6,"44":6,"45":42,"46":2,"47":3,"48":19,"49":9,"50":52,"51":56,"52":49,"53":48,"54":56,"55":47},"b":{"0":[41,7],"1":[1,40],"2":[42,8],"3":[4,50],"4":[3,140],"5":[19,127],"6":[20,128],"7":[20,127],"8":[54,13],"9":[10,3],"10":[6,1],"11":[1,1],"12":[2,7],"13":[6,0],"14":[1,1],"15":[2,1],"16":[50,4],"17":[3,51],"18":[54,4],"19":[1,53],"20":[2,52],"21":[51,3],"22":[7,0],"23":[3,0],"24":[4,3],"25":[1,1],"26":[50,136],"27":[2,0],"28":[4,1],"29":[12,1],"30":[6,0],"31":[6,0],"32":[19,23],"33":[2,0],"34":[2,0],"35":[2,50],"36":[4,46],"37":[1,45],"38":[1,44],"39":[1,43],"40":[5,51],"41":[46,3],"42":[45,3],"43":[47,9],"44":[44,3]},"_coverageSchema":"1a1c01bbd47fc00a2c39e90264f33305004495a9","hash":"c6cae958a97958eb1fbbbc80dd8adce62eadf0f4"}
}
