{"C:\\e2\\todo-list-e2\\index.js": {"path":"C:\\e2\\todo-list-e2\\index.js","statementMap":{"0":{"start":{"line":1,"column":13},"end":{"line":1,"column":51}},"1":{"start":{"line":2,"column":14},"end":{"line":2,"column":51}},"2":{"start":{"line":3,"column":17},"end":{"line":3,"column":53}},"3":{"start":{"line":5,"column":19},"end":{"line":5,"column":57}},"4":{"start":{"line":6,"column":16},"end":{"line":6,"column":54}},"5":{"start":{"line":7,"column":21},"end":{"line":7,"column":58}},"6":{"start":{"line":8,"column":18},"end":{"line":8,"column":55}},"7":{"start":{"line":9,"column":19},"end":{"line":11,"column":1}},"8":{"start":{"line":12,"column":20},"end":{"line":12,"column":22}},"9":{"start":{"line":13,"column":20},"end":{"line":13,"column":25}},"10":{"start":{"line":14,"column":0},"end":{"line":14,"column":59}},"11":{"start":{"line":15,"column":0},"end":{"line":15,"column":44}},"12":{"start":{"line":18,"column":0},"end":{"line":18,"column":52}},"13":{"start":{"line":19,"column":0},"end":{"line":19,"column":36}},"14":{"start":{"line":20,"column":0},"end":{"line":20,"column":50}},"15":{"start":{"line":21,"column":0},"end":{"line":21,"column":46}},"16":{"start":{"line":22,"column":0},"end":{"line":22,"column":45}},"17":{"start":{"line":23,"column":0},"end":{"line":23,"column":45}},"18":{"start":{"line":26,"column":0},"end":{"line":31,"column":1}},"19":{"start":{"line":27,"column":2},"end":{"line":30,"column":5}},"20":{"start":{"line":28,"column":4},"end":{"line":28,"column":33}},"21":{"start":{"line":29,"column":4},"end":{"line":29,"column":18}},"22":{"start":{"line":35,"column":2},"end":{"line":35,"column":25}},"23":{"start":{"line":36,"column":2},"end":{"line":36,"column":16}},"24":{"start":{"line":37,"column":24},"end":{"line":37,"column":35}},"25":{"start":{"line":38,"column":21},"end":{"line":38,"column":54}},"26":{"start":{"line":40,"column":2},"end":{"line":51,"column":3}},"27":{"start":{"line":41,"column":19},"end":{"line":41,"column":45}},"28":{"start":{"line":43,"column":4},"end":{"line":49,"column":5}},"29":{"start":{"line":44,"column":6},"end":{"line":44,"column":38}},"30":{"start":{"line":45,"column":24},"end":{"line":45,"column":56}},"31":{"start":{"line":46,"column":6},"end":{"line":46,"column":44}},"32":{"start":{"line":48,"column":6},"end":{"line":48,"column":29}},"33":{"start":{"line":50,"column":4},"end":{"line":50,"column":21}},"34":{"start":{"line":57,"column":23},"end":{"line":57,"column":40}},"35":{"start":{"line":58,"column":23},"end":{"line":58,"column":49}},"36":{"start":{"line":60,"column":2},"end":{"line":67,"column":3}},"37":{"start":{"line":61,"column":4},"end":{"line":61,"column":37}},"38":{"start":{"line":62,"column":4},"end":{"line":62,"column":24}},"39":{"start":{"line":64,"column":4},"end":{"line":64,"column":40}},"40":{"start":{"line":65,"column":4},"end":{"line":65,"column":42}},"41":{"start":{"line":66,"column":4},"end":{"line":66,"column":16}},"42":{"start":{"line":72,"column":19},"end":{"line":76,"column":3}},"43":{"start":{"line":78,"column":2},"end":{"line":78,"column":37}},"44":{"start":{"line":79,"column":2},"end":{"line":79,"column":16}},"45":{"start":{"line":80,"column":2},"end":{"line":80,"column":36}},"46":{"start":{"line":81,"column":2},"end":{"line":81,"column":30}},"47":{"start":{"line":82,"column":2},"end":{"line":82,"column":40}},"48":{"start":{"line":83,"column":2},"end":{"line":83,"column":44}},"49":{"start":{"line":84,"column":2},"end":{"line":84,"column":38}},"50":{"start":{"line":85,"column":2},"end":{"line":85,"column":34}},"51":{"start":{"line":90,"column":2},"end":{"line":90,"column":26}},"52":{"start":{"line":92,"column":16},"end":{"line":92,"column":41}},"53":{"start":{"line":94,"column":2},"end":{"line":107,"column":3}},"54":{"start":{"line":95,"column":4},"end":{"line":95,"column":18}},"55":{"start":{"line":97,"column":4},"end":{"line":97,"column":24}},"56":{"start":{"line":98,"column":4},"end":{"line":106,"column":7}},"57":{"start":{"line":99,"column":23},"end":{"line":103,"column":7}},"58":{"start":{"line":105,"column":6},"end":{"line":105,"column":32}},"59":{"start":{"line":109,"column":2},"end":{"line":109,"column":29}},"60":{"start":{"line":110,"column":2},"end":{"line":110,"column":17}},"61":{"start":{"line":116,"column":2},"end":{"line":116,"column":30}},"62":{"start":{"line":121,"column":12},"end":{"line":121,"column":39}},"63":{"start":{"line":122,"column":2},"end":{"line":122,"column":35}},"64":{"start":{"line":123,"column":2},"end":{"line":123,"column":38}},"65":{"start":{"line":124,"column":2},"end":{"line":124,"column":45}},"66":{"start":{"line":126,"column":2},"end":{"line":126,"column":21}},"67":{"start":{"line":130,"column":12},"end":{"line":130,"column":50}},"68":{"start":{"line":131,"column":2},"end":{"line":133,"column":3}},"69":{"start":{"line":132,"column":4},"end":{"line":132,"column":28}},"70":{"start":{"line":138,"column":24},"end":{"line":138,"column":54}},"71":{"start":{"line":140,"column":15},"end":{"line":146,"column":3}},"72":{"start":{"line":147,"column":2},"end":{"line":147,"column":21}},"73":{"start":{"line":148,"column":2},"end":{"line":148,"column":31}},"74":{"start":{"line":149,"column":2},"end":{"line":149,"column":22}},"75":{"start":{"line":150,"column":2},"end":{"line":150,"column":16}},"76":{"start":{"line":155,"column":19},"end":{"line":155,"column":48}},"77":{"start":{"line":156,"column":2},"end":{"line":156,"column":38}},"78":{"start":{"line":157,"column":2},"end":{"line":157,"column":41}},"79":{"start":{"line":158,"column":2},"end":{"line":158,"column":44}},"80":{"start":{"line":159,"column":2},"end":{"line":161,"column":3}},"81":{"start":{"line":160,"column":4},"end":{"line":160,"column":52}},"82":{"start":{"line":163,"column":28},"end":{"line":163,"column":44}},"83":{"start":{"line":164,"column":28},"end":{"line":164,"column":65}},"84":{"start":{"line":165,"column":19},"end":{"line":165,"column":49}},"85":{"start":{"line":166,"column":2},"end":{"line":166,"column":66}},"86":{"start":{"line":167,"column":2},"end":{"line":167,"column":18}},"87":{"start":{"line":171,"column":19},"end":{"line":171,"column":48}},"88":{"start":{"line":172,"column":2},"end":{"line":172,"column":38}},"89":{"start":{"line":173,"column":21},"end":{"line":180,"column":3}},"90":{"start":{"line":181,"column":23},"end":{"line":188,"column":3}},"91":{"start":{"line":189,"column":2},"end":{"line":209,"column":3}},"92":{"start":{"line":190,"column":28},"end":{"line":197,"column":5}},"93":{"start":{"line":198,"column":4},"end":{"line":198,"column":63}},"94":{"start":{"line":200,"column":24},"end":{"line":207,"column":5}},"95":{"start":{"line":208,"column":4},"end":{"line":208,"column":59}},"96":{"start":{"line":211,"column":2},"end":{"line":211,"column":18}},"97":{"start":{"line":223,"column":23},"end":{"line":223,"column":52}},"98":{"start":{"line":224,"column":2},"end":{"line":224,"column":40}},"99":{"start":{"line":225,"column":14},"end":{"line":225,"column":43}},"100":{"start":{"line":226,"column":2},"end":{"line":226,"column":28}},"101":{"start":{"line":227,"column":2},"end":{"line":227,"column":26}},"102":{"start":{"line":228,"column":2},"end":{"line":228,"column":29}},"103":{"start":{"line":229,"column":2},"end":{"line":229,"column":47}},"104":{"start":{"line":230,"column":2},"end":{"line":230,"column":20}},"105":{"start":{"line":231,"column":2},"end":{"line":231,"column":27}},"106":{"start":{"line":232,"column":2},"end":{"line":232,"column":22}},"107":{"start":{"line":237,"column":28},"end":{"line":237,"column":57}},"108":{"start":{"line":238,"column":2},"end":{"line":238,"column":57}},"109":{"start":{"line":240,"column":24},"end":{"line":240,"column":51}},"110":{"start":{"line":242,"column":15},"end":{"line":242,"column":45}},"111":{"start":{"line":243,"column":2},"end":{"line":243,"column":30}},"112":{"start":{"line":244,"column":2},"end":{"line":244,"column":24}},"113":{"start":{"line":246,"column":2},"end":{"line":246,"column":43}},"114":{"start":{"line":248,"column":2},"end":{"line":248,"column":51}},"115":{"start":{"line":249,"column":2},"end":{"line":251,"column":3}},"116":{"start":{"line":250,"column":4},"end":{"line":250,"column":43}},"117":{"start":{"line":252,"column":2},"end":{"line":252,"column":29}},"118":{"start":{"line":253,"column":2},"end":{"line":253,"column":42}},"119":{"start":{"line":255,"column":2},"end":{"line":255,"column":27}},"120":{"start":{"line":260,"column":28},"end":{"line":260,"column":57}},"121":{"start":{"line":261,"column":2},"end":{"line":261,"column":56}},"122":{"start":{"line":263,"column":21},"end":{"line":263,"column":52}},"123":{"start":{"line":265,"column":2},"end":{"line":265,"column":31}},"124":{"start":{"line":266,"column":2},"end":{"line":266,"column":51}},"125":{"start":{"line":267,"column":2},"end":{"line":267,"column":51}},"126":{"start":{"line":268,"column":2},"end":{"line":268,"column":40}},"127":{"start":{"line":269,"column":2},"end":{"line":269,"column":39}},"128":{"start":{"line":270,"column":2},"end":{"line":270,"column":39}},"129":{"start":{"line":271,"column":2},"end":{"line":271,"column":27}},"130":{"start":{"line":274,"column":2},"end":{"line":278,"column":3}},"131":{"start":{"line":275,"column":4},"end":{"line":275,"column":33}},"132":{"start":{"line":277,"column":4},"end":{"line":277,"column":34}},"133":{"start":{"line":282,"column":19},"end":{"line":282,"column":49}},"134":{"start":{"line":284,"column":24},"end":{"line":284,"column":54}},"135":{"start":{"line":285,"column":19},"end":{"line":285,"column":61}},"136":{"start":{"line":286,"column":20},"end":{"line":286,"column":36}},"137":{"start":{"line":288,"column":2},"end":{"line":294,"column":3}},"138":{"start":{"line":289,"column":4},"end":{"line":289,"column":38}},"139":{"start":{"line":291,"column":4},"end":{"line":293,"column":6}},"140":{"start":{"line":292,"column":24},"end":{"line":292,"column":54}},"141":{"start":{"line":296,"column":2},"end":{"line":296,"column":17}},"142":{"start":{"line":299,"column":17},"end":{"line":299,"column":25}},"143":{"start":{"line":301,"column":2},"end":{"line":305,"column":3}},"144":{"start":{"line":302,"column":4},"end":{"line":302,"column":21}},"145":{"start":{"line":304,"column":4},"end":{"line":304,"column":18}},"146":{"start":{"line":308,"column":17},"end":{"line":308,"column":25}},"147":{"start":{"line":309,"column":2},"end":{"line":311,"column":3}},"148":{"start":{"line":310,"column":4},"end":{"line":310,"column":23}},"149":{"start":{"line":314,"column":17},"end":{"line":314,"column":25}},"150":{"start":{"line":315,"column":2},"end":{"line":315,"column":26}},"151":{"start":{"line":320,"column":16},"end":{"line":320,"column":27}},"152":{"start":{"line":321,"column":2},"end":{"line":327,"column":3}},"153":{"start":{"line":322,"column":4},"end":{"line":324,"column":6}},"154":{"start":{"line":326,"column":4},"end":{"line":326,"column":16}},"155":{"start":{"line":331,"column":19},"end":{"line":331,"column":58}},"156":{"start":{"line":333,"column":20},"end":{"line":333,"column":54}},"157":{"start":{"line":335,"column":2},"end":{"line":349,"column":3}},"158":{"start":{"line":336,"column":4},"end":{"line":336,"column":33}},"159":{"start":{"line":337,"column":4},"end":{"line":337,"column":36}},"160":{"start":{"line":338,"column":21},"end":{"line":338,"column":60}},"161":{"start":{"line":340,"column":22},"end":{"line":340,"column":52}},"162":{"start":{"line":341,"column":4},"end":{"line":341,"column":39}},"163":{"start":{"line":342,"column":4},"end":{"line":342,"column":37}},"164":{"start":{"line":343,"column":4},"end":{"line":343,"column":48}},"165":{"start":{"line":344,"column":4},"end":{"line":344,"column":18}},"166":{"start":{"line":345,"column":4},"end":{"line":345,"column":39}},"167":{"start":{"line":346,"column":4},"end":{"line":346,"column":43}},"168":{"start":{"line":347,"column":4},"end":{"line":347,"column":39}},"169":{"start":{"line":348,"column":4},"end":{"line":348,"column":37}},"170":{"start":{"line":352,"column":2},"end":{"line":363,"column":3}},"171":{"start":{"line":353,"column":4},"end":{"line":353,"column":21}},"172":{"start":{"line":354,"column":4},"end":{"line":354,"column":38}},"173":{"start":{"line":355,"column":4},"end":{"line":355,"column":40}},"174":{"start":{"line":356,"column":4},"end":{"line":356,"column":40}},"175":{"start":{"line":357,"column":4},"end":{"line":357,"column":36}},"176":{"start":{"line":358,"column":4},"end":{"line":358,"column":42}},"177":{"start":{"line":359,"column":4},"end":{"line":359,"column":46}},"178":{"start":{"line":360,"column":4},"end":{"line":360,"column":32}},"179":{"start":{"line":361,"column":4},"end":{"line":361,"column":32}},"180":{"start":{"line":362,"column":4},"end":{"line":362,"column":35}},"181":{"start":{"line":369,"column":19},"end":{"line":369,"column":58}},"182":{"start":{"line":371,"column":16},"end":{"line":371,"column":46}},"183":{"start":{"line":373,"column":2},"end":{"line":379,"column":3}},"184":{"start":{"line":374,"column":4},"end":{"line":374,"column":38}},"185":{"start":{"line":375,"column":4},"end":{"line":375,"column":23}},"186":{"start":{"line":376,"column":4},"end":{"line":376,"column":18}},"187":{"start":{"line":378,"column":4},"end":{"line":378,"column":34}},"188":{"start":{"line":384,"column":19},"end":{"line":384,"column":58}},"189":{"start":{"line":386,"column":17},"end":{"line":386,"column":47}},"190":{"start":{"line":387,"column":19},"end":{"line":387,"column":58}},"191":{"start":{"line":388,"column":2},"end":{"line":408,"column":3}},"192":{"start":{"line":389,"column":24},"end":{"line":389,"column":65}},"193":{"start":{"line":390,"column":24},"end":{"line":390,"column":45}},"194":{"start":{"line":392,"column":20},"end":{"line":395,"column":5}},"195":{"start":{"line":396,"column":25},"end":{"line":396,"column":37}},"196":{"start":{"line":398,"column":4},"end":{"line":402,"column":5}},"197":{"start":{"line":399,"column":6},"end":{"line":399,"column":40}},"198":{"start":{"line":401,"column":6},"end":{"line":401,"column":43}},"199":{"start":{"line":403,"column":4},"end":{"line":403,"column":23}},"200":{"start":{"line":404,"column":4},"end":{"line":404,"column":38}},"201":{"start":{"line":405,"column":4},"end":{"line":405,"column":18}},"202":{"start":{"line":407,"column":4},"end":{"line":407,"column":34}},"203":{"start":{"line":414,"column":20},"end":{"line":414,"column":59}},"204":{"start":{"line":415,"column":12},"end":{"line":415,"column":50}},"205":{"start":{"line":416,"column":2},"end":{"line":418,"column":3}},"206":{"start":{"line":417,"column":4},"end":{"line":417,"column":24}},"207":{"start":{"line":419,"column":2},"end":{"line":421,"column":3}},"208":{"start":{"line":420,"column":4},"end":{"line":420,"column":24}},"209":{"start":{"line":423,"column":2},"end":{"line":425,"column":3}},"210":{"start":{"line":424,"column":4},"end":{"line":424,"column":36}},"211":{"start":{"line":426,"column":2},"end":{"line":428,"column":3}},"212":{"start":{"line":427,"column":4},"end":{"line":427,"column":35}},"213":{"start":{"line":430,"column":2},"end":{"line":432,"column":3}},"214":{"start":{"line":431,"column":4},"end":{"line":431,"column":30}},"215":{"start":{"line":437,"column":2},"end":{"line":440,"column":5}},"216":{"start":{"line":438,"column":4},"end":{"line":438,"column":35}},"217":{"start":{"line":439,"column":4},"end":{"line":439,"column":38}},"218":{"start":{"line":446,"column":22},"end":{"line":446,"column":23}},"219":{"start":{"line":447,"column":2},"end":{"line":457,"column":5}},"220":{"start":{"line":448,"column":22},"end":{"line":448,"column":56}},"221":{"start":{"line":449,"column":4},"end":{"line":449,"column":38}},"222":{"start":{"line":450,"column":4},"end":{"line":450,"column":35}},"223":{"start":{"line":451,"column":4},"end":{"line":456,"column":5}},"224":{"start":{"line":452,"column":6},"end":{"line":452,"column":40}},"225":{"start":{"line":453,"column":6},"end":{"line":453,"column":37}},"226":{"start":{"line":455,"column":6},"end":{"line":455,"column":25}},"227":{"start":{"line":458,"column":2},"end":{"line":460,"column":3}},"228":{"start":{"line":459,"column":4},"end":{"line":459,"column":18}},"229":{"start":{"line":461,"column":2},"end":{"line":461,"column":23}},"230":{"start":{"line":467,"column":22},"end":{"line":467,"column":23}},"231":{"start":{"line":468,"column":2},"end":{"line":478,"column":5}},"232":{"start":{"line":469,"column":4},"end":{"line":469,"column":38}},"233":{"start":{"line":470,"column":4},"end":{"line":470,"column":35}},"234":{"start":{"line":471,"column":24},"end":{"line":471,"column":58}},"235":{"start":{"line":473,"column":4},"end":{"line":477,"column":5}},"236":{"start":{"line":474,"column":6},"end":{"line":474,"column":40}},"237":{"start":{"line":475,"column":6},"end":{"line":475,"column":37}},"238":{"start":{"line":476,"column":6},"end":{"line":476,"column":25}},"239":{"start":{"line":480,"column":2},"end":{"line":482,"column":3}},"240":{"start":{"line":481,"column":4},"end":{"line":481,"column":18}},"241":{"start":{"line":484,"column":2},"end":{"line":484,"column":23}},"242":{"start":{"line":488,"column":14},"end":{"line":488,"column":16}},"243":{"start":{"line":489,"column":2},"end":{"line":493,"column":3}},"244":{"start":{"line":490,"column":4},"end":{"line":490,"column":15}},"245":{"start":{"line":492,"column":4},"end":{"line":492,"column":54}},"246":{"start":{"line":494,"column":2},"end":{"line":494,"column":15}},"247":{"start":{"line":499,"column":16},"end":{"line":499,"column":41}},"248":{"start":{"line":500,"column":2},"end":{"line":500,"column":19}},"249":{"start":{"line":501,"column":2},"end":{"line":501,"column":55}},"250":{"start":{"line":506,"column":16},"end":{"line":506,"column":57}},"251":{"start":{"line":507,"column":2},"end":{"line":513,"column":3}},"252":{"start":{"line":508,"column":25},"end":{"line":508,"column":48}},"253":{"start":{"line":509,"column":4},"end":{"line":509,"column":37}},"254":{"start":{"line":510,"column":4},"end":{"line":510,"column":64}},"255":{"start":{"line":512,"column":4},"end":{"line":512,"column":35}},"256":{"start":{"line":518,"column":16},"end":{"line":518,"column":41}},"257":{"start":{"line":520,"column":22},"end":{"line":520,"column":58}},"258":{"start":{"line":522,"column":2},"end":{"line":538,"column":3}},"259":{"start":{"line":523,"column":33},"end":{"line":525,"column":5}},"260":{"start":{"line":524,"column":16},"end":{"line":524,"column":45}},"261":{"start":{"line":527,"column":21},"end":{"line":532,"column":6}},"262":{"start":{"line":528,"column":6},"end":{"line":531,"column":8}},"263":{"start":{"line":534,"column":4},"end":{"line":534,"column":37}},"264":{"start":{"line":535,"column":4},"end":{"line":535,"column":60}},"265":{"start":{"line":537,"column":4},"end":{"line":537,"column":47}},"266":{"start":{"line":541,"column":16},"end":{"line":541,"column":41}},"267":{"start":{"line":542,"column":22},"end":{"line":542,"column":58}},"268":{"start":{"line":543,"column":2},"end":{"line":548,"column":3}},"269":{"start":{"line":544,"column":19},"end":{"line":544,"column":72}},"270":{"start":{"line":544,"column":42},"end":{"line":544,"column":71}},"271":{"start":{"line":545,"column":4},"end":{"line":545,"column":16}},"272":{"start":{"line":547,"column":4},"end":{"line":547,"column":50}},"273":{"start":{"line":553,"column":17},"end":{"line":553,"column":65}},"274":{"start":{"line":553,"column":43},"end":{"line":553,"column":64}},"275":{"start":{"line":555,"column":2},"end":{"line":559,"column":3}},"276":{"start":{"line":556,"column":4},"end":{"line":556,"column":16}},"277":{"start":{"line":558,"column":4},"end":{"line":558,"column":17}},"278":{"start":{"line":564,"column":22},"end":{"line":564,"column":64}},"279":{"start":{"line":565,"column":2},"end":{"line":579,"column":3}},"280":{"start":{"line":566,"column":21},"end":{"line":575,"column":6}},"281":{"start":{"line":567,"column":6},"end":{"line":572,"column":7}},"282":{"start":{"line":568,"column":8},"end":{"line":568,"column":38}},"283":{"start":{"line":569,"column":8},"end":{"line":569,"column":40}},"284":{"start":{"line":573,"column":6},"end":{"line":573,"column":18}},"285":{"start":{"line":576,"column":4},"end":{"line":576,"column":20}},"286":{"start":{"line":578,"column":4},"end":{"line":578,"column":51}},"287":{"start":{"line":584,"column":16},"end":{"line":584,"column":41}},"288":{"start":{"line":586,"column":2},"end":{"line":590,"column":3}},"289":{"start":{"line":587,"column":4},"end":{"line":587,"column":13}},"290":{"start":{"line":589,"column":4},"end":{"line":589,"column":24}},"291":{"start":{"line":596,"column":2},"end":{"line":605,"column":1}},"292":{"start":{"line":597,"column":4},"end":{"line":604,"column":5}},"293":{"start":{"line":598,"column":6},"end":{"line":598,"column":42}},"294":{"start":{"line":599,"column":6},"end":{"line":599,"column":38}},"295":{"start":{"line":600,"column":6},"end":{"line":600,"column":34}},"296":{"start":{"line":601,"column":6},"end":{"line":601,"column":52}},"297":{"start":{"line":602,"column":6},"end":{"line":602,"column":25}},"298":{"start":{"line":603,"column":6},"end":{"line":603,"column":20}},"299":{"start":{"line":608,"column":16},"end":{"line":608,"column":41}},"300":{"start":{"line":610,"column":24},"end":{"line":612,"column":3}},"301":{"start":{"line":611,"column":14},"end":{"line":611,"column":63}},"302":{"start":{"line":613,"column":19},"end":{"line":618,"column":4}},"303":{"start":{"line":614,"column":4},"end":{"line":617,"column":6}},"304":{"start":{"line":619,"column":2},"end":{"line":619,"column":58}},"305":{"start":{"line":624,"column":2},"end":{"line":625,"column":40}},"306":{"start":{"line":625,"column":4},"end":{"line":625,"column":40}},"307":{"start":{"line":626,"column":2},"end":{"line":627,"column":70}},"308":{"start":{"line":627,"column":4},"end":{"line":627,"column":70}},"309":{"start":{"line":628,"column":2},"end":{"line":629,"column":66}},"310":{"start":{"line":629,"column":4},"end":{"line":629,"column":66}},"311":{"start":{"line":630,"column":2},"end":{"line":631,"column":50}},"312":{"start":{"line":631,"column":4},"end":{"line":631,"column":50}},"313":{"start":{"line":632,"column":2},"end":{"line":633,"column":44}},"314":{"start":{"line":633,"column":4},"end":{"line":633,"column":44}},"315":{"start":{"line":634,"column":2},"end":{"line":634,"column":14}},"316":{"start":{"line":639,"column":21},"end":{"line":639,"column":32}},"317":{"start":{"line":641,"column":2},"end":{"line":645,"column":3}},"318":{"start":{"line":642,"column":4},"end":{"line":642,"column":31}},"319":{"start":{"line":644,"column":4},"end":{"line":644,"column":16}},"320":{"start":{"line":649,"column":13},"end":{"line":649,"column":33}},"321":{"start":{"line":650,"column":2},"end":{"line":652,"column":54}},"322":{"start":{"line":651,"column":4},"end":{"line":651,"column":16}},"323":{"start":{"line":652,"column":9},"end":{"line":652,"column":54}},"324":{"start":{"line":656,"column":21},"end":{"line":656,"column":32}},"325":{"start":{"line":657,"column":2},"end":{"line":661,"column":3}},"326":{"start":{"line":658,"column":4},"end":{"line":658,"column":16}},"327":{"start":{"line":660,"column":4},"end":{"line":660,"column":42}},"328":{"start":{"line":666,"column":23},"end":{"line":666,"column":46}},"329":{"start":{"line":668,"column":2},"end":{"line":672,"column":3}},"330":{"start":{"line":669,"column":4},"end":{"line":669,"column":16}},"331":{"start":{"line":671,"column":4},"end":{"line":671,"column":68}},"332":{"start":{"line":676,"column":21},"end":{"line":676,"column":32}},"333":{"start":{"line":677,"column":2},"end":{"line":679,"column":49}},"334":{"start":{"line":678,"column":4},"end":{"line":678,"column":16}},"335":{"start":{"line":679,"column":9},"end":{"line":679,"column":49}},"336":{"start":{"line":682,"column":0},"end":{"line":709,"column":2}}},"fnMap":{"0":{"name":"(anonymous_0)","decl":{"start":{"line":27,"column":36},"end":{"line":27,"column":37}},"loc":{"start":{"line":27,"column":42},"end":{"line":30,"column":3}},"line":27},"1":{"name":"submitForm","decl":{"start":{"line":33,"column":9},"end":{"line":33,"column":19}},"loc":{"start":{"line":33,"column":27},"end":{"line":52,"column":1}},"line":33},"2":{"name":"getValidInputValue","decl":{"start":{"line":54,"column":9},"end":{"line":54,"column":27}},"loc":{"start":{"line":54,"column":40},"end":{"line":68,"column":1}},"line":54},"3":{"name":"submitEditForm","decl":{"start":{"line":70,"column":9},"end":{"line":70,"column":23}},"loc":{"start":{"line":70,"column":49},"end":{"line":86,"column":1}},"line":70},"4":{"name":"renderTasks","decl":{"start":{"line":88,"column":9},"end":{"line":88,"column":20}},"loc":{"start":{"line":88,"column":23},"end":{"line":111,"column":1}},"line":88},"5":{"name":"(anonymous_5)","decl":{"start":{"line":98,"column":18},"end":{"line":98,"column":19}},"loc":{"start":{"line":98,"column":28},"end":{"line":106,"column":5}},"line":98},"6":{"name":"removeError","decl":{"start":{"line":113,"column":9},"end":{"line":113,"column":20}},"loc":{"start":{"line":113,"column":24},"end":{"line":117,"column":1}},"line":113},"7":{"name":"noTaskFound","decl":{"start":{"line":119,"column":9},"end":{"line":119,"column":20}},"loc":{"start":{"line":119,"column":23},"end":{"line":127,"column":1}},"line":119},"8":{"name":"removeNoTaskFound","decl":{"start":{"line":128,"column":9},"end":{"line":128,"column":26}},"loc":{"start":{"line":128,"column":29},"end":{"line":134,"column":1}},"line":128},"9":{"name":"createTask","decl":{"start":{"line":136,"column":9},"end":{"line":136,"column":19}},"loc":{"start":{"line":136,"column":30},"end":{"line":151,"column":1}},"line":136},"10":{"name":"createTaskCard","decl":{"start":{"line":153,"column":9},"end":{"line":153,"column":23}},"loc":{"start":{"line":153,"column":55},"end":{"line":168,"column":1}},"line":153},"11":{"name":"createToDoButtons","decl":{"start":{"line":169,"column":9},"end":{"line":169,"column":26}},"loc":{"start":{"line":169,"column":40},"end":{"line":212,"column":1}},"line":169},"12":{"name":"createIconButton","decl":{"start":{"line":214,"column":9},"end":{"line":214,"column":25}},"loc":{"start":{"line":221,"column":2},"end":{"line":233,"column":1}},"line":221},"13":{"name":"createTaskName","decl":{"start":{"line":234,"column":9},"end":{"line":234,"column":23}},"loc":{"start":{"line":234,"column":47},"end":{"line":256,"column":1}},"line":234},"14":{"name":"createCheckbox","decl":{"start":{"line":258,"column":9},"end":{"line":258,"column":23}},"loc":{"start":{"line":258,"column":26},"end":{"line":272,"column":1}},"line":258},"15":{"name":"noneSelected","decl":{"start":{"line":273,"column":9},"end":{"line":273,"column":21}},"loc":{"start":{"line":273,"column":24},"end":{"line":279,"column":1}},"line":273},"16":{"name":"selectTask","decl":{"start":{"line":281,"column":9},"end":{"line":281,"column":19}},"loc":{"start":{"line":281,"column":23},"end":{"line":297,"column":1}},"line":281},"17":{"name":"(anonymous_17)","decl":{"start":{"line":292,"column":6},"end":{"line":292,"column":7}},"loc":{"start":{"line":292,"column":24},"end":{"line":292,"column":54}},"line":292},"18":{"name":"checkAndEditTask","decl":{"start":{"line":298,"column":9},"end":{"line":298,"column":25}},"loc":{"start":{"line":298,"column":29},"end":{"line":306,"column":1}},"line":298},"19":{"name":"confirmAndDeleteTask","decl":{"start":{"line":307,"column":9},"end":{"line":307,"column":29}},"loc":{"start":{"line":307,"column":33},"end":{"line":312,"column":1}},"line":307},"20":{"name":"completeTask","decl":{"start":{"line":313,"column":9},"end":{"line":313,"column":21}},"loc":{"start":{"line":313,"column":25},"end":{"line":316,"column":1}},"line":313},"21":{"name":"checkInputNotExist","decl":{"start":{"line":318,"column":9},"end":{"line":318,"column":27}},"loc":{"start":{"line":318,"column":30},"end":{"line":328,"column":1}},"line":318},"22":{"name":"editTask","decl":{"start":{"line":329,"column":9},"end":{"line":329,"column":17}},"loc":{"start":{"line":329,"column":26},"end":{"line":350,"column":1}},"line":329},"23":{"name":"cancelEditTask","decl":{"start":{"line":351,"column":9},"end":{"line":351,"column":23}},"loc":{"start":{"line":351,"column":27},"end":{"line":366,"column":1}},"line":351},"24":{"name":"deleteTask","decl":{"start":{"line":367,"column":9},"end":{"line":367,"column":19}},"loc":{"start":{"line":367,"column":28},"end":{"line":380,"column":1}},"line":367},"25":{"name":"isTaskCompleted","decl":{"start":{"line":382,"column":9},"end":{"line":382,"column":24}},"loc":{"start":{"line":382,"column":33},"end":{"line":409,"column":1}},"line":382},"26":{"name":"filterTodos","decl":{"start":{"line":411,"column":9},"end":{"line":411,"column":20}},"loc":{"start":{"line":411,"column":36},"end":{"line":433,"column":1}},"line":411},"27":{"name":"renderAllTodos","decl":{"start":{"line":434,"column":9},"end":{"line":434,"column":23}},"loc":{"start":{"line":434,"column":35},"end":{"line":441,"column":1}},"line":434},"28":{"name":"(anonymous_28)","decl":{"start":{"line":437,"column":20},"end":{"line":437,"column":21}},"loc":{"start":{"line":437,"column":34},"end":{"line":440,"column":3}},"line":437},"29":{"name":"renderAssignedTodos","decl":{"start":{"line":443,"column":9},"end":{"line":443,"column":28}},"loc":{"start":{"line":443,"column":40},"end":{"line":462,"column":1}},"line":443},"30":{"name":"(anonymous_30)","decl":{"start":{"line":447,"column":20},"end":{"line":447,"column":21}},"loc":{"start":{"line":447,"column":34},"end":{"line":457,"column":3}},"line":447},"31":{"name":"renderCompletedTodos","decl":{"start":{"line":464,"column":9},"end":{"line":464,"column":29}},"loc":{"start":{"line":464,"column":41},"end":{"line":485,"column":1}},"line":464},"32":{"name":"(anonymous_32)","decl":{"start":{"line":468,"column":20},"end":{"line":468,"column":21}},"loc":{"start":{"line":468,"column":34},"end":{"line":478,"column":3}},"line":468},"33":{"name":"getTodoFromLocalStorage","decl":{"start":{"line":486,"column":9},"end":{"line":486,"column":32}},"loc":{"start":{"line":486,"column":35},"end":{"line":495,"column":1}},"line":486},"34":{"name":"saveTodoToLocalStorage","decl":{"start":{"line":497,"column":9},"end":{"line":497,"column":31}},"loc":{"start":{"line":497,"column":38},"end":{"line":502,"column":1}},"line":497},"35":{"name":"updateTodotoLocalStorage","decl":{"start":{"line":504,"column":9},"end":{"line":504,"column":33}},"loc":{"start":{"line":504,"column":40},"end":{"line":514,"column":1}},"line":504},"36":{"name":"deleteTodofromLocalStorage","decl":{"start":{"line":516,"column":9},"end":{"line":516,"column":35}},"loc":{"start":{"line":516,"column":43},"end":{"line":539,"column":1}},"line":516},"37":{"name":"(anonymous_37)","decl":{"start":{"line":524,"column":6},"end":{"line":524,"column":7}},"loc":{"start":{"line":524,"column":16},"end":{"line":524,"column":45}},"line":524},"38":{"name":"(anonymous_38)","decl":{"start":{"line":527,"column":46},"end":{"line":527,"column":47}},"loc":{"start":{"line":527,"column":63},"end":{"line":532,"column":5}},"line":527},"39":{"name":"getTodoFromLocalStorageUsingIndex","decl":{"start":{"line":540,"column":9},"end":{"line":540,"column":42}},"loc":{"start":{"line":540,"column":50},"end":{"line":549,"column":1}},"line":540},"40":{"name":"(anonymous_40)","decl":{"start":{"line":544,"column":32},"end":{"line":544,"column":33}},"loc":{"start":{"line":544,"column":42},"end":{"line":544,"column":71}},"line":544},"41":{"name":"checkTaskExist","decl":{"start":{"line":551,"column":9},"end":{"line":551,"column":23}},"loc":{"start":{"line":551,"column":38},"end":{"line":560,"column":1}},"line":551},"42":{"name":"(anonymous_42)","decl":{"start":{"line":553,"column":33},"end":{"line":553,"column":34}},"loc":{"start":{"line":553,"column":43},"end":{"line":553,"column":64}},"line":553},"43":{"name":"updateTask","decl":{"start":{"line":562,"column":9},"end":{"line":562,"column":19}},"loc":{"start":{"line":562,"column":33},"end":{"line":580,"column":1}},"line":562},"44":{"name":"(anonymous_44)","decl":{"start":{"line":566,"column":31},"end":{"line":566,"column":32}},"loc":{"start":{"line":566,"column":41},"end":{"line":575,"column":5}},"line":566},"45":{"name":"getNextIndexFromLocalStorage","decl":{"start":{"line":582,"column":9},"end":{"line":582,"column":37}},"loc":{"start":{"line":582,"column":40},"end":{"line":591,"column":1}},"line":582},"46":{"name":"deleteAll","decl":{"start":{"line":593,"column":9},"end":{"line":593,"column":18}},"loc":{"start":{"line":593,"column":21},"end":{"line":606,"column":1}},"line":593},"47":{"name":"deleteSelectedFromLocalStorage","decl":{"start":{"line":607,"column":9},"end":{"line":607,"column":39}},"loc":{"start":{"line":607,"column":55},"end":{"line":620,"column":1}},"line":607},"48":{"name":"(anonymous_48)","decl":{"start":{"line":611,"column":4},"end":{"line":611,"column":5}},"loc":{"start":{"line":611,"column":14},"end":{"line":611,"column":63}},"line":611},"49":{"name":"(anonymous_49)","decl":{"start":{"line":613,"column":37},"end":{"line":613,"column":38}},"loc":{"start":{"line":613,"column":54},"end":{"line":618,"column":3}},"line":613},"50":{"name":"validateText","decl":{"start":{"line":622,"column":9},"end":{"line":622,"column":21}},"loc":{"start":{"line":622,"column":29},"end":{"line":635,"column":1}},"line":622},"51":{"name":"validateNoEmptyString","decl":{"start":{"line":637,"column":9},"end":{"line":637,"column":30}},"loc":{"start":{"line":637,"column":37},"end":{"line":646,"column":1}},"line":637},"52":{"name":"validateThereisNoSpecialCharactersOnFirstLetter","decl":{"start":{"line":647,"column":9},"end":{"line":647,"column":56}},"loc":{"start":{"line":647,"column":63},"end":{"line":653,"column":1}},"line":647},"53":{"name":"validateNotMorThan150Characters","decl":{"start":{"line":654,"column":9},"end":{"line":654,"column":40}},"loc":{"start":{"line":654,"column":47},"end":{"line":662,"column":1}},"line":654},"54":{"name":"validateOnlyAlphaNumericAndAllowedSpecialCharacters","decl":{"start":{"line":664,"column":9},"end":{"line":664,"column":60}},"loc":{"start":{"line":664,"column":67},"end":{"line":673,"column":1}},"line":664},"55":{"name":"validateMinimumCharacters","decl":{"start":{"line":674,"column":9},"end":{"line":674,"column":34}},"loc":{"start":{"line":674,"column":41},"end":{"line":680,"column":1}},"line":674}},"branchMap":{"0":{"loc":{"start":{"line":40,"column":2},"end":{"line":51,"column":3}},"type":"if","locations":[{"start":{"line":40,"column":2},"end":{"line":51,"column":3}},{"start":{},"end":{}}],"line":40},"1":{"loc":{"start":{"line":43,"column":4},"end":{"line":49,"column":5}},"type":"if","locations":[{"start":{"line":43,"column":4},"end":{"line":49,"column":5}},{"start":{"line":47,"column":11},"end":{"line":49,"column":5}}],"line":43},"2":{"loc":{"start":{"line":60,"column":2},"end":{"line":67,"column":3}},"type":"if","locations":[{"start":{"line":60,"column":2},"end":{"line":67,"column":3}},{"start":{"line":63,"column":9},"end":{"line":67,"column":3}}],"line":60},"3":{"loc":{"start":{"line":94,"column":2},"end":{"line":107,"column":3}},"type":"if","locations":[{"start":{"line":94,"column":2},"end":{"line":107,"column":3}},{"start":{"line":96,"column":9},"end":{"line":107,"column":3}}],"line":94},"4":{"loc":{"start":{"line":131,"column":2},"end":{"line":133,"column":3}},"type":"if","locations":[{"start":{"line":131,"column":2},"end":{"line":133,"column":3}},{"start":{},"end":{}}],"line":131},"5":{"loc":{"start":{"line":159,"column":2},"end":{"line":161,"column":3}},"type":"if","locations":[{"start":{"line":159,"column":2},"end":{"line":161,"column":3}},{"start":{},"end":{}}],"line":159},"6":{"loc":{"start":{"line":189,"column":2},"end":{"line":209,"column":3}},"type":"if","locations":[{"start":{"line":189,"column":2},"end":{"line":209,"column":3}},{"start":{"line":199,"column":9},"end":{"line":209,"column":3}}],"line":189},"7":{"loc":{"start":{"line":249,"column":2},"end":{"line":251,"column":3}},"type":"if","locations":[{"start":{"line":249,"column":2},"end":{"line":251,"column":3}},{"start":{},"end":{}}],"line":249},"8":{"loc":{"start":{"line":274,"column":2},"end":{"line":278,"column":3}},"type":"if","locations":[{"start":{"line":274,"column":2},"end":{"line":278,"column":3}},{"start":{"line":276,"column":9},"end":{"line":278,"column":3}}],"line":274},"9":{"loc":{"start":{"line":288,"column":2},"end":{"line":294,"column":3}},"type":"if","locations":[{"start":{"line":288,"column":2},"end":{"line":294,"column":3}},{"start":{"line":290,"column":9},"end":{"line":294,"column":3}}],"line":288},"10":{"loc":{"start":{"line":301,"column":2},"end":{"line":305,"column":3}},"type":"if","locations":[{"start":{"line":301,"column":2},"end":{"line":305,"column":3}},{"start":{"line":303,"column":9},"end":{"line":305,"column":3}}],"line":301},"11":{"loc":{"start":{"line":309,"column":2},"end":{"line":311,"column":3}},"type":"if","locations":[{"start":{"line":309,"column":2},"end":{"line":311,"column":3}},{"start":{},"end":{}}],"line":309},"12":{"loc":{"start":{"line":321,"column":2},"end":{"line":327,"column":3}},"type":"if","locations":[{"start":{"line":321,"column":2},"end":{"line":327,"column":3}},{"start":{"line":325,"column":9},"end":{"line":327,"column":3}}],"line":321},"13":{"loc":{"start":{"line":335,"column":2},"end":{"line":349,"column":3}},"type":"if","locations":[{"start":{"line":335,"column":2},"end":{"line":349,"column":3}},{"start":{},"end":{}}],"line":335},"14":{"loc":{"start":{"line":352,"column":2},"end":{"line":363,"column":3}},"type":"if","locations":[{"start":{"line":352,"column":2},"end":{"line":363,"column":3}},{"start":{},"end":{}}],"line":352},"15":{"loc":{"start":{"line":398,"column":4},"end":{"line":402,"column":5}},"type":"if","locations":[{"start":{"line":398,"column":4},"end":{"line":402,"column":5}},{"start":{"line":400,"column":11},"end":{"line":402,"column":5}}],"line":398},"16":{"loc":{"start":{"line":416,"column":2},"end":{"line":418,"column":3}},"type":"if","locations":[{"start":{"line":416,"column":2},"end":{"line":418,"column":3}},{"start":{},"end":{}}],"line":416},"17":{"loc":{"start":{"line":419,"column":2},"end":{"line":421,"column":3}},"type":"if","locations":[{"start":{"line":419,"column":2},"end":{"line":421,"column":3}},{"start":{},"end":{}}],"line":419},"18":{"loc":{"start":{"line":419,"column":6},"end":{"line":419,"column":34}},"type":"binary-expr","locations":[{"start":{"line":419,"column":6},"end":{"line":419,"column":7}},{"start":{"line":419,"column":11},"end":{"line":419,"column":34}}],"line":419},"19":{"loc":{"start":{"line":423,"column":2},"end":{"line":425,"column":3}},"type":"if","locations":[{"start":{"line":423,"column":2},"end":{"line":425,"column":3}},{"start":{},"end":{}}],"line":423},"20":{"loc":{"start":{"line":426,"column":2},"end":{"line":428,"column":3}},"type":"if","locations":[{"start":{"line":426,"column":2},"end":{"line":428,"column":3}},{"start":{},"end":{}}],"line":426},"21":{"loc":{"start":{"line":430,"column":2},"end":{"line":432,"column":3}},"type":"if","locations":[{"start":{"line":430,"column":2},"end":{"line":432,"column":3}},{"start":{},"end":{}}],"line":430},"22":{"loc":{"start":{"line":451,"column":4},"end":{"line":456,"column":5}},"type":"if","locations":[{"start":{"line":451,"column":4},"end":{"line":456,"column":5}},{"start":{"line":454,"column":11},"end":{"line":456,"column":5}}],"line":451},"23":{"loc":{"start":{"line":458,"column":2},"end":{"line":460,"column":3}},"type":"if","locations":[{"start":{"line":458,"column":2},"end":{"line":460,"column":3}},{"start":{},"end":{}}],"line":458},"24":{"loc":{"start":{"line":473,"column":4},"end":{"line":477,"column":5}},"type":"if","locations":[{"start":{"line":473,"column":4},"end":{"line":477,"column":5}},{"start":{},"end":{}}],"line":473},"25":{"loc":{"start":{"line":480,"column":2},"end":{"line":482,"column":3}},"type":"if","locations":[{"start":{"line":480,"column":2},"end":{"line":482,"column":3}},{"start":{},"end":{}}],"line":480},"26":{"loc":{"start":{"line":489,"column":2},"end":{"line":493,"column":3}},"type":"if","locations":[{"start":{"line":489,"column":2},"end":{"line":493,"column":3}},{"start":{"line":491,"column":9},"end":{"line":493,"column":3}}],"line":489},"27":{"loc":{"start":{"line":522,"column":2},"end":{"line":538,"column":3}},"type":"if","locations":[{"start":{"line":522,"column":2},"end":{"line":538,"column":3}},{"start":{"line":536,"column":9},"end":{"line":538,"column":3}}],"line":522},"28":{"loc":{"start":{"line":543,"column":2},"end":{"line":548,"column":3}},"type":"if","locations":[{"start":{"line":543,"column":2},"end":{"line":548,"column":3}},{"start":{"line":546,"column":9},"end":{"line":548,"column":3}}],"line":543},"29":{"loc":{"start":{"line":555,"column":2},"end":{"line":559,"column":3}},"type":"if","locations":[{"start":{"line":555,"column":2},"end":{"line":559,"column":3}},{"start":{"line":557,"column":9},"end":{"line":559,"column":3}}],"line":555},"30":{"loc":{"start":{"line":565,"column":2},"end":{"line":579,"column":3}},"type":"if","locations":[{"start":{"line":565,"column":2},"end":{"line":579,"column":3}},{"start":{"line":577,"column":9},"end":{"line":579,"column":3}}],"line":565},"31":{"loc":{"start":{"line":567,"column":6},"end":{"line":572,"column":7}},"type":"if","locations":[{"start":{"line":567,"column":6},"end":{"line":572,"column":7}},{"start":{},"end":{}}],"line":567},"32":{"loc":{"start":{"line":586,"column":2},"end":{"line":590,"column":3}},"type":"if","locations":[{"start":{"line":586,"column":2},"end":{"line":590,"column":3}},{"start":{"line":588,"column":9},"end":{"line":590,"column":3}}],"line":586},"33":{"loc":{"start":{"line":596,"column":2},"end":{"line":605,"column":1}},"type":"if","locations":[{"start":{"line":596,"column":2},"end":{"line":605,"column":1}},{"start":{},"end":{}}],"line":596},"34":{"loc":{"start":{"line":597,"column":4},"end":{"line":604,"column":5}},"type":"if","locations":[{"start":{"line":597,"column":4},"end":{"line":604,"column":5}},{"start":{},"end":{}}],"line":597},"35":{"loc":{"start":{"line":624,"column":2},"end":{"line":625,"column":40}},"type":"if","locations":[{"start":{"line":624,"column":2},"end":{"line":625,"column":40}},{"start":{},"end":{}}],"line":624},"36":{"loc":{"start":{"line":626,"column":2},"end":{"line":627,"column":70}},"type":"if","locations":[{"start":{"line":626,"column":2},"end":{"line":627,"column":70}},{"start":{},"end":{}}],"line":626},"37":{"loc":{"start":{"line":628,"column":2},"end":{"line":629,"column":66}},"type":"if","locations":[{"start":{"line":628,"column":2},"end":{"line":629,"column":66}},{"start":{},"end":{}}],"line":628},"38":{"loc":{"start":{"line":630,"column":2},"end":{"line":631,"column":50}},"type":"if","locations":[{"start":{"line":630,"column":2},"end":{"line":631,"column":50}},{"start":{},"end":{}}],"line":630},"39":{"loc":{"start":{"line":632,"column":2},"end":{"line":633,"column":44}},"type":"if","locations":[{"start":{"line":632,"column":2},"end":{"line":633,"column":44}},{"start":{},"end":{}}],"line":632},"40":{"loc":{"start":{"line":641,"column":2},"end":{"line":645,"column":3}},"type":"if","locations":[{"start":{"line":641,"column":2},"end":{"line":645,"column":3}},{"start":{"line":643,"column":9},"end":{"line":645,"column":3}}],"line":641},"41":{"loc":{"start":{"line":650,"column":2},"end":{"line":652,"column":54}},"type":"if","locations":[{"start":{"line":650,"column":2},"end":{"line":652,"column":54}},{"start":{"line":652,"column":9},"end":{"line":652,"column":54}}],"line":650},"42":{"loc":{"start":{"line":657,"column":2},"end":{"line":661,"column":3}},"type":"if","locations":[{"start":{"line":657,"column":2},"end":{"line":661,"column":3}},{"start":{"line":659,"column":9},"end":{"line":661,"column":3}}],"line":657},"43":{"loc":{"start":{"line":668,"column":2},"end":{"line":672,"column":3}},"type":"if","locations":[{"start":{"line":668,"column":2},"end":{"line":672,"column":3}},{"start":{"line":670,"column":9},"end":{"line":672,"column":3}}],"line":668},"44":{"loc":{"start":{"line":677,"column":2},"end":{"line":679,"column":49}},"type":"if","locations":[{"start":{"line":677,"column":2},"end":{"line":679,"column":49}},{"start":{"line":679,"column":9},"end":{"line":679,"column":49}}],"line":677}},"s":{"0":65,"1":65,"2":65,"3":65,"4":65,"5":65,"6":65,"7":65,"8":65,"9":65,"10":65,"11":65,"12":65,"13":65,"14":65,"15":65,"16":65,"17":65,"18":65,"19":195,"20":4,"21":4,"22":59,"23":59,"24":59,"25":59,"26":59,"27":52,"28":52,"29":1,"30":1,"31":1,"32":51,"33":52,"34":61,"35":61,"36":61,"37":53,"38":53,"39":8,"40":8,"41":8,"42":1,"43":1,"44":1,"45":1,"46":1,"47":1,"48":1,"49":1,"50":1,"51":65,"52":65,"53":65,"54":4,"55":61,"56":61,"57":187,"58":187,"59":65,"60":65,"61":71,"62":7,"63":7,"64":7,"65":7,"66":7,"67":176,"68":176,"69":3,"70":51,"71":51,"72":51,"73":51,"74":51,"75":51,"76":190,"77":190,"78":190,"79":190,"80":190,"81":15,"82":190,"83":190,"84":190,"85":190,"86":190,"87":192,"88":192,"89":192,"90":192,"91":192,"92":16,"93":16,"94":176,"95":176,"96":192,"97":577,"98":577,"99":577,"100":577,"101":577,"102":577,"103":577,"104":577,"105":577,"106":577,"107":191,"108":191,"109":191,"110":191,"111":191,"112":191,"113":191,"114":191,"115":191,"116":16,"117":191,"118":191,"119":191,"120":191,"121":191,"122":191,"123":191,"124":191,"125":191,"126":191,"127":191,"128":191,"129":191,"130":78,"131":65,"132":13,"133":13,"134":13,"135":13,"136":13,"137":13,"138":10,"139":3,"140":18,"141":13,"142":7,"143":7,"144":6,"145":1,"146":2,"147":2,"148":1,"149":3,"150":3,"151":9,"152":9,"153":2,"154":7,"155":6,"156":6,"157":6,"158":6,"159":6,"160":6,"161":6,"162":6,"163":6,"164":6,"165":6,"166":6,"167":6,"168":6,"169":6,"170":2,"171":1,"172":1,"173":1,"174":1,"175":1,"176":1,"177":1,"178":1,"179":1,"180":1,"181":2,"182":2,"183":2,"184":2,"185":1,"186":1,"187":1,"188":4,"189":4,"190":4,"191":4,"192":4,"193":3,"194":3,"195":3,"196":3,"197":2,"198":1,"199":3,"200":3,"201":3,"202":1,"203":65,"204":65,"205":65,"206":61,"207":65,"208":3,"209":65,"210":1,"211":65,"212":2,"213":65,"214":62,"215":62,"216":187,"217":187,"218":3,"219":3,"220":7,"221":7,"222":7,"223":7,"224":4,"225":4,"226":3,"227":3,"228":2,"229":3,"230":2,"231":2,"232":7,"233":7,"234":7,"235":7,"236":5,"237":5,"238":5,"239":2,"240":1,"241":2,"242":221,"243":221,"244":54,"245":167,"246":221,"247":83,"248":83,"249":83,"250":6,"251":6,"252":6,"253":5,"254":5,"255":1,"256":3,"257":3,"258":3,"259":2,"260":8,"261":2,"262":6,"263":2,"264":2,"265":1,"266":6,"267":6,"268":6,"269":4,"270":4,"271":4,"272":2,"273":15,"274":16,"275":15,"276":11,"277":4,"278":6,"279":6,"280":5,"281":5,"282":5,"283":5,"284":5,"285":5,"286":1,"287":53,"288":53,"289":20,"290":33,"291":2,"292":2,"293":2,"294":2,"295":2,"296":2,"297":2,"298":2,"299":3,"300":3,"301":19,"302":3,"303":9,"304":3,"305":63,"306":2,"307":61,"308":4,"309":57,"310":1,"311":56,"312":1,"313":55,"314":1,"315":54,"316":67,"317":67,"318":5,"319":62,"320":60,"321":60,"322":57,"323":3,"324":59,"325":59,"326":56,"327":3,"328":67,"329":67,"330":58,"331":9,"332":58,"333":58,"334":55,"335":3,"336":65},"f":{"0":4,"1":59,"2":61,"3":1,"4":65,"5":187,"6":71,"7":7,"8":176,"9":51,"10":190,"11":192,"12":577,"13":191,"14":191,"15":78,"16":13,"17":18,"18":7,"19":2,"20":3,"21":9,"22":6,"23":2,"24":2,"25":4,"26":65,"27":62,"28":187,"29":3,"30":7,"31":2,"32":7,"33":221,"34":83,"35":6,"36":3,"37":8,"38":6,"39":6,"40":4,"41":15,"42":16,"43":6,"44":5,"45":53,"46":2,"47":3,"48":19,"49":9,"50":63,"51":67,"52":60,"53":59,"54":67,"55":58},"b":{"0":[52,7],"1":[1,51],"2":[53,8],"3":[4,61],"4":[3,173],"5":[15,175],"6":[16,176],"7":[16,175],"8":[65,13],"9":[10,3],"10":[6,1],"11":[1,1],"12":[2,7],"13":[6,0],"14":[1,1],"15":[2,1],"16":[61,4],"17":[3,62],"18":[65,4],"19":[1,64],"20":[2,63],"21":[62,3],"22":[4,3],"23":[2,1],"24":[5,2],"25":[1,1],"26":[54,167],"27":[2,1],"28":[4,2],"29":[11,4],"30":[5,1],"31":[5,0],"32":[20,33],"33":[2,0],"34":[2,0],"35":[2,61],"36":[4,57],"37":[1,56],"38":[1,55],"39":[1,54],"40":[5,62],"41":[57,3],"42":[56,3],"43":[58,9],"44":[55,3]},"_coverageSchema":"1a1c01bbd47fc00a2c39e90264f33305004495a9","hash":"11ad53a5b7cb4d6f89c63864f8d06c28bc8647d5"}
}
