TN:
SF:index.js
FN:27,(anonymous_0)
FN:33,submitForm
FN:54,getValidInputValue
FN:70,submitEditForm
FN:88,renderTasks
FN:98,(anonymous_5)
FN:113,removeError
FN:119,noTaskFound
FN:128,removeNoTaskFound
FN:136,createTask
FN:153,createTaskCard
FN:169,createToDoButtons
FN:214,createIconButton
FN:234,createTaskName
FN:258,createCheckbox
FN:273,noneSelected
FN:281,selectTask
FN:292,(anonymous_17)
FN:298,checkAndEditTask
FN:307,confirmAndDeleteTask
FN:313,completeTask
FN:318,checkInputNotExist
FN:329,editTask
FN:351,cancelEditTask
FN:367,deleteTask
FN:382,isTaskCompleted
FN:411,filterTodos
FN:434,renderAllTodos
FN:437,(anonymous_28)
FN:443,renderAssignedTodos
FN:447,(anonymous_30)
FN:464,renderCompletedTodos
FN:468,(anonymous_32)
FN:486,getTodoFromLocalStorage
FN:497,saveTodoToLocalStorage
FN:504,updateTodotoLocalStorage
FN:516,deleteTodofromLocalStorage
FN:524,(anonymous_37)
FN:527,(anonymous_38)
FN:540,getTodoFromLocalStorageUsingIndex
FN:544,(anonymous_40)
FN:551,checkTaskExist
FN:553,(anonymous_42)
FN:562,updateTask
FN:566,(anonymous_44)
FN:582,getNextIndexFromLocalStorage
FN:593,deleteAll
FN:607,deleteSelectedFromLocalStorage
FN:611,(anonymous_48)
FN:613,(anonymous_49)
FN:622,validateText
FN:637,validateNoEmptyString
FN:647,validateThereisNoSpecialCharactersOnFirstLetter
FN:654,validateNotMorThan150Characters
FN:664,validateOnlyAlphaNumericAndAllowedSpecialCharacters
FN:674,validateMinimumCharacters
FNF:56
FNH:56
FNDA:4,(anonymous_0)
FNDA:59,submitForm
FNDA:61,getValidInputValue
FNDA:1,submitEditForm
FNDA:65,renderTasks
FNDA:187,(anonymous_5)
FNDA:71,removeError
FNDA:7,noTaskFound
FNDA:176,removeNoTaskFound
FNDA:51,createTask
FNDA:190,createTaskCard
FNDA:192,createToDoButtons
FNDA:577,createIconButton
FNDA:191,createTaskName
FNDA:191,createCheckbox
FNDA:78,noneSelected
FNDA:13,selectTask
FNDA:18,(anonymous_17)
FNDA:7,checkAndEditTask
FNDA:2,confirmAndDeleteTask
FNDA:3,completeTask
FNDA:9,checkInputNotExist
FNDA:6,editTask
FNDA:2,cancelEditTask
FNDA:2,deleteTask
FNDA:4,isTaskCompleted
FNDA:65,filterTodos
FNDA:62,renderAllTodos
FNDA:187,(anonymous_28)
FNDA:3,renderAssignedTodos
FNDA:7,(anonymous_30)
FNDA:2,renderCompletedTodos
FNDA:7,(anonymous_32)
FNDA:221,getTodoFromLocalStorage
FNDA:83,saveTodoToLocalStorage
FNDA:6,updateTodotoLocalStorage
FNDA:3,deleteTodofromLocalStorage
FNDA:8,(anonymous_37)
FNDA:6,(anonymous_38)
FNDA:6,getTodoFromLocalStorageUsingIndex
FNDA:4,(anonymous_40)
FNDA:15,checkTaskExist
FNDA:16,(anonymous_42)
FNDA:6,updateTask
FNDA:5,(anonymous_44)
FNDA:53,getNextIndexFromLocalStorage
FNDA:2,deleteAll
FNDA:3,deleteSelectedFromLocalStorage
FNDA:19,(anonymous_48)
FNDA:9,(anonymous_49)
FNDA:63,validateText
FNDA:67,validateNoEmptyString
FNDA:60,validateThereisNoSpecialCharactersOnFirstLetter
FNDA:59,validateNotMorThan150Characters
FNDA:67,validateOnlyAlphaNumericAndAllowedSpecialCharacters
FNDA:58,validateMinimumCharacters
DA:1,65
DA:2,65
DA:3,65
DA:5,65
DA:6,65
DA:7,65
DA:8,65
DA:9,65
DA:12,65
DA:13,65
DA:14,65
DA:15,65
DA:18,65
DA:19,65
DA:20,65
DA:21,65
DA:22,65
DA:23,65
DA:26,65
DA:27,195
DA:28,4
DA:29,4
DA:35,59
DA:36,59
DA:37,59
DA:38,59
DA:40,59
DA:41,52
DA:43,52
DA:44,1
DA:45,1
DA:46,1
DA:48,51
DA:50,52
DA:57,61
DA:58,61
DA:60,61
DA:61,53
DA:62,53
DA:64,8
DA:65,8
DA:66,8
DA:72,1
DA:78,1
DA:79,1
DA:80,1
DA:81,1
DA:82,1
DA:83,1
DA:84,1
DA:85,1
DA:90,65
DA:92,65
DA:94,65
DA:95,4
DA:97,61
DA:98,61
DA:99,187
DA:105,187
DA:109,65
DA:110,65
DA:116,71
DA:121,7
DA:122,7
DA:123,7
DA:124,7
DA:126,7
DA:130,176
DA:131,176
DA:132,3
DA:138,51
DA:140,51
DA:147,51
DA:148,51
DA:149,51
DA:150,51
DA:155,190
DA:156,190
DA:157,190
DA:158,190
DA:159,190
DA:160,15
DA:163,190
DA:164,190
DA:165,190
DA:166,190
DA:167,190
DA:171,192
DA:172,192
DA:173,192
DA:181,192
DA:189,192
DA:190,16
DA:198,16
DA:200,176
DA:208,176
DA:211,192
DA:223,577
DA:224,577
DA:225,577
DA:226,577
DA:227,577
DA:228,577
DA:229,577
DA:230,577
DA:231,577
DA:232,577
DA:237,191
DA:238,191
DA:240,191
DA:242,191
DA:243,191
DA:244,191
DA:246,191
DA:248,191
DA:249,191
DA:250,16
DA:252,191
DA:253,191
DA:255,191
DA:260,191
DA:261,191
DA:263,191
DA:265,191
DA:266,191
DA:267,191
DA:268,191
DA:269,191
DA:270,191
DA:271,191
DA:274,78
DA:275,65
DA:277,13
DA:282,13
DA:284,13
DA:285,13
DA:286,13
DA:288,13
DA:289,10
DA:291,3
DA:292,18
DA:296,13
DA:299,7
DA:301,7
DA:302,6
DA:304,1
DA:308,2
DA:309,2
DA:310,1
DA:314,3
DA:315,3
DA:320,9
DA:321,9
DA:322,2
DA:326,7
DA:331,6
DA:333,6
DA:335,6
DA:336,6
DA:337,6
DA:338,6
DA:340,6
DA:341,6
DA:342,6
DA:343,6
DA:344,6
DA:345,6
DA:346,6
DA:347,6
DA:348,6
DA:352,2
DA:353,1
DA:354,1
DA:355,1
DA:356,1
DA:357,1
DA:358,1
DA:359,1
DA:360,1
DA:361,1
DA:362,1
DA:369,2
DA:371,2
DA:373,2
DA:374,2
DA:375,1
DA:376,1
DA:378,1
DA:384,4
DA:386,4
DA:387,4
DA:388,4
DA:389,4
DA:390,3
DA:392,3
DA:396,3
DA:398,3
DA:399,2
DA:401,1
DA:403,3
DA:404,3
DA:405,3
DA:407,1
DA:414,65
DA:415,65
DA:416,65
DA:417,61
DA:419,65
DA:420,3
DA:423,65
DA:424,1
DA:426,65
DA:427,2
DA:430,65
DA:431,62
DA:437,62
DA:438,187
DA:439,187
DA:446,3
DA:447,3
DA:448,7
DA:449,7
DA:450,7
DA:451,7
DA:452,4
DA:453,4
DA:455,3
DA:458,3
DA:459,2
DA:461,3
DA:467,2
DA:468,2
DA:469,7
DA:470,7
DA:471,7
DA:473,7
DA:474,5
DA:475,5
DA:476,5
DA:480,2
DA:481,1
DA:484,2
DA:488,221
DA:489,221
DA:490,54
DA:492,167
DA:494,221
DA:499,83
DA:500,83
DA:501,83
DA:506,6
DA:507,6
DA:508,6
DA:509,5
DA:510,5
DA:512,1
DA:518,3
DA:520,3
DA:522,3
DA:523,2
DA:524,8
DA:527,2
DA:528,6
DA:534,2
DA:535,2
DA:537,1
DA:541,6
DA:542,6
DA:543,6
DA:544,4
DA:545,4
DA:547,2
DA:553,16
DA:555,15
DA:556,11
DA:558,4
DA:564,6
DA:565,6
DA:566,5
DA:567,5
DA:568,5
DA:569,5
DA:573,5
DA:576,5
DA:578,1
DA:584,53
DA:586,53
DA:587,20
DA:589,33
DA:596,2
DA:597,2
DA:598,2
DA:599,2
DA:600,2
DA:601,2
DA:602,2
DA:603,2
DA:608,3
DA:610,3
DA:611,19
DA:613,3
DA:614,9
DA:619,3
DA:624,63
DA:625,2
DA:626,61
DA:627,4
DA:628,57
DA:629,1
DA:630,56
DA:631,1
DA:632,55
DA:633,1
DA:634,54
DA:639,67
DA:641,67
DA:642,5
DA:644,62
DA:649,60
DA:650,60
DA:651,57
DA:652,3
DA:656,59
DA:657,59
DA:658,56
DA:660,3
DA:666,67
DA:668,67
DA:669,58
DA:671,9
DA:676,58
DA:677,58
DA:678,55
DA:679,3
DA:682,65
LF:335
LH:335
BRDA:40,0,0,52
BRDA:40,0,1,7
BRDA:43,1,0,1
BRDA:43,1,1,51
BRDA:60,2,0,53
BRDA:60,2,1,8
BRDA:94,3,0,4
BRDA:94,3,1,61
BRDA:131,4,0,3
BRDA:131,4,1,173
BRDA:159,5,0,15
BRDA:159,5,1,175
BRDA:189,6,0,16
BRDA:189,6,1,176
BRDA:249,7,0,16
BRDA:249,7,1,175
BRDA:274,8,0,65
BRDA:274,8,1,13
BRDA:288,9,0,10
BRDA:288,9,1,3
BRDA:301,10,0,6
BRDA:301,10,1,1
BRDA:309,11,0,1
BRDA:309,11,1,1
BRDA:321,12,0,2
BRDA:321,12,1,7
BRDA:335,13,0,6
BRDA:335,13,1,0
BRDA:352,14,0,1
BRDA:352,14,1,1
BRDA:398,15,0,2
BRDA:398,15,1,1
BRDA:416,16,0,61
BRDA:416,16,1,4
BRDA:419,17,0,3
BRDA:419,17,1,62
BRDA:419,18,0,65
BRDA:419,18,1,4
BRDA:423,19,0,1
BRDA:423,19,1,64
BRDA:426,20,0,2
BRDA:426,20,1,63
BRDA:430,21,0,62
BRDA:430,21,1,3
BRDA:451,22,0,4
BRDA:451,22,1,3
BRDA:458,23,0,2
BRDA:458,23,1,1
BRDA:473,24,0,5
BRDA:473,24,1,2
BRDA:480,25,0,1
BRDA:480,25,1,1
BRDA:489,26,0,54
BRDA:489,26,1,167
BRDA:522,27,0,2
BRDA:522,27,1,1
BRDA:543,28,0,4
BRDA:543,28,1,2
BRDA:555,29,0,11
BRDA:555,29,1,4
BRDA:565,30,0,5
BRDA:565,30,1,1
BRDA:567,31,0,5
BRDA:567,31,1,0
BRDA:586,32,0,20
BRDA:586,32,1,33
BRDA:596,33,0,2
BRDA:596,33,1,0
BRDA:597,34,0,2
BRDA:597,34,1,0
BRDA:624,35,0,2
BRDA:624,35,1,61
BRDA:626,36,0,4
BRDA:626,36,1,57
BRDA:628,37,0,1
BRDA:628,37,1,56
BRDA:630,38,0,1
BRDA:630,38,1,55
BRDA:632,39,0,1
BRDA:632,39,1,54
BRDA:641,40,0,5
BRDA:641,40,1,62
BRDA:650,41,0,57
BRDA:650,41,1,3
BRDA:657,42,0,56
BRDA:657,42,1,3
BRDA:668,43,0,58
BRDA:668,43,1,9
BRDA:677,44,0,55
BRDA:677,44,1,3
BRF:90
BRH:86
end_of_record
