TN:
SF:index.js
FN:27,(anonymous_0)
FN:33,submitForm
FN:54,getValidInputValue
FN:70,submitEditForm
FN:88,renderTasks
FN:98,(anonymous_5)
FN:113,removeError
FN:119,noTaskFound
FN:128,removeNoTaskFound
FN:136,createTask
FN:153,createTaskCard
FN:169,createToDoButtons
FN:214,createIconButton
FN:234,createTaskName
FN:258,createCheckbox
FN:273,noneSelected
FN:281,selectTask
FN:292,(anonymous_17)
FN:298,checkAndEditTask
FN:307,confirmAndDeleteTask
FN:313,completeTask
FN:318,checkInputNotExist
FN:329,editTask
FN:351,cancelEditTask
FN:367,deleteTask
FN:382,isTaskCompleted
FN:411,filterTodos
FN:431,renderAllTodos
FN:434,(anonymous_28)
FN:443,renderAssignedTodos
FN:447,(anonymous_30)
FN:464,renderCompletedTodos
FN:468,(anonymous_32)
FN:486,getTodoFromLocalStorage
FN:497,saveTodoToLocalStorage
FN:504,updateTodotoLocalStorage
FN:516,deleteTodofromLocalStorage
FN:524,(anonymous_37)
FN:527,(anonymous_38)
FN:540,getTodoFromLocalStorageUsingIndex
FN:544,(anonymous_40)
FN:551,checkTaskExist
FN:553,(anonymous_42)
FN:562,updateTask
FN:566,(anonymous_44)
FN:580,getNextIndexFromLocalStorage
FN:591,deleteAll
FN:605,deleteSelectedFromLocalStorage
FN:609,(anonymous_48)
FN:611,(anonymous_49)
FN:620,validateText
FN:635,validateNoEmptyString
FN:645,validateThereisNoSpecialCharactersOnFirstLetter
FN:652,validateNotMorThan150Characters
FN:662,validateOnlyAlphaNumericAndAllowedSpecialCharacters
FN:672,validateMinimumCharacters
FNF:56
FNH:56
FNDA:4,(anonymous_0)
FNDA:70,submitForm
FNDA:72,getValidInputValue
FNDA:1,submitEditForm
FNDA:78,renderTasks
FNDA:227,(anonymous_5)
FNDA:83,removeError
FNDA:4,noTaskFound
FNDA:296,removeNoTaskFound
FNDA:62,createTask
FNDA:230,createTaskCard
FNDA:232,createToDoButtons
FNDA:697,createIconButton
FNDA:231,createTaskName
FNDA:231,createCheckbox
FNDA:98,noneSelected
FNDA:20,selectTask
FNDA:18,(anonymous_17)
FNDA:8,checkAndEditTask
FNDA:2,confirmAndDeleteTask
FNDA:4,completeTask
FNDA:11,checkInputNotExist
FNDA:7,editTask
FNDA:2,cancelEditTask
FNDA:2,deleteTask
FNDA:5,isTaskCompleted
FNDA:78,filterTodos
FNDA:74,renderAllTodos
FNDA:223,(anonymous_28)
FNDA:4,renderAssignedTodos
FNDA:10,(anonymous_30)
FNDA:2,renderCompletedTodos
FNDA:8,(anonymous_32)
FNDA:258,getTodoFromLocalStorage
FNDA:94,saveTodoToLocalStorage
FNDA:7,updateTodotoLocalStorage
FNDA:3,deleteTodofromLocalStorage
FNDA:8,(anonymous_37)
FNDA:6,(anonymous_38)
FNDA:7,getTodoFromLocalStorageUsingIndex
FNDA:5,(anonymous_40)
FNDA:17,checkTaskExist
FNDA:18,(anonymous_42)
FNDA:7,updateTask
FNDA:6,(anonymous_44)
FNDA:64,getNextIndexFromLocalStorage
FNDA:3,deleteAll
FNDA:4,deleteSelectedFromLocalStorage
FNDA:26,(anonymous_48)
FNDA:9,(anonymous_49)
FNDA:74,validateText
FNDA:78,validateNoEmptyString
FNDA:71,validateThereisNoSpecialCharactersOnFirstLetter
FNDA:70,validateNotMorThan150Characters
FNDA:78,validateOnlyAlphaNumericAndAllowedSpecialCharacters
FNDA:69,validateMinimumCharacters
DA:1,51
DA:2,51
DA:3,51
DA:5,51
DA:6,51
DA:7,51
DA:8,51
DA:9,51
DA:12,51
DA:13,51
DA:14,51
DA:15,51
DA:18,51
DA:19,51
DA:20,51
DA:21,51
DA:22,51
DA:23,51
DA:26,51
DA:27,153
DA:28,4
DA:29,4
DA:35,70
DA:36,70
DA:37,70
DA:38,70
DA:40,70
DA:41,63
DA:43,63
DA:44,1
DA:45,1
DA:46,1
DA:48,62
DA:50,63
DA:57,72
DA:58,72
DA:60,72
DA:61,64
DA:62,64
DA:64,8
DA:65,8
DA:66,8
DA:72,1
DA:78,1
DA:79,1
DA:80,1
DA:81,1
DA:82,1
DA:83,1
DA:84,1
DA:85,1
DA:90,78
DA:92,78
DA:94,78
DA:95,1
DA:97,77
DA:98,77
DA:99,227
DA:105,227
DA:109,78
DA:110,78
DA:116,83
DA:121,4
DA:122,4
DA:123,4
DA:124,4
DA:126,4
DA:130,296
DA:131,296
DA:132,23
DA:138,62
DA:140,62
DA:147,62
DA:148,62
DA:149,62
DA:150,62
DA:155,230
DA:156,230
DA:157,230
DA:158,230
DA:159,230
DA:160,21
DA:163,230
DA:164,230
DA:165,230
DA:166,230
DA:167,230
DA:171,232
DA:172,232
DA:173,232
DA:181,232
DA:189,232
DA:190,22
DA:198,22
DA:200,210
DA:208,210
DA:211,232
DA:223,697
DA:224,697
DA:225,697
DA:226,697
DA:227,697
DA:228,697
DA:229,697
DA:230,697
DA:231,697
DA:232,697
DA:237,231
DA:238,231
DA:240,231
DA:242,231
DA:243,231
DA:244,231
DA:246,231
DA:248,231
DA:249,231
DA:250,22
DA:252,231
DA:253,231
DA:255,231
DA:260,231
DA:261,231
DA:263,231
DA:265,231
DA:266,231
DA:267,231
DA:268,231
DA:269,231
DA:270,231
DA:271,231
DA:274,98
DA:275,78
DA:277,20
DA:282,20
DA:284,20
DA:285,20
DA:286,20
DA:288,20
DA:289,17
DA:291,3
DA:292,18
DA:296,20
DA:299,8
DA:301,8
DA:302,7
DA:304,1
DA:308,2
DA:309,2
DA:310,1
DA:314,4
DA:315,4
DA:320,11
DA:321,11
DA:322,2
DA:326,9
DA:331,7
DA:333,7
DA:335,7
DA:336,7
DA:337,7
DA:338,7
DA:340,7
DA:341,7
DA:342,7
DA:343,7
DA:344,7
DA:345,7
DA:346,7
DA:347,7
DA:348,7
DA:352,2
DA:353,1
DA:354,1
DA:355,1
DA:356,1
DA:357,1
DA:358,1
DA:359,1
DA:360,1
DA:361,1
DA:362,1
DA:369,2
DA:371,2
DA:373,2
DA:374,2
DA:375,1
DA:376,1
DA:378,1
DA:384,5
DA:386,5
DA:387,5
DA:388,5
DA:389,5
DA:390,4
DA:392,4
DA:396,4
DA:398,4
DA:399,3
DA:401,1
DA:403,4
DA:404,4
DA:405,4
DA:407,1
DA:414,78
DA:416,78
DA:417,77
DA:420,78
DA:421,1
DA:423,78
DA:424,3
DA:427,78
DA:428,74
DA:433,74
DA:434,74
DA:435,223
DA:436,223
DA:438,74
DA:439,1
DA:445,4
DA:446,4
DA:447,4
DA:448,10
DA:449,10
DA:450,10
DA:451,10
DA:452,6
DA:453,6
DA:455,4
DA:458,4
DA:459,1
DA:461,4
DA:466,2
DA:467,2
DA:468,2
DA:469,8
DA:470,8
DA:471,8
DA:473,8
DA:474,5
DA:475,5
DA:476,5
DA:480,2
DA:481,1
DA:484,2
DA:488,258
DA:489,258
DA:490,56
DA:492,202
DA:494,258
DA:499,94
DA:500,94
DA:501,94
DA:506,7
DA:507,7
DA:508,7
DA:509,6
DA:510,6
DA:512,1
DA:518,3
DA:520,3
DA:522,3
DA:523,2
DA:524,8
DA:527,2
DA:528,6
DA:534,2
DA:535,2
DA:537,1
DA:541,7
DA:542,7
DA:543,7
DA:544,5
DA:545,5
DA:547,2
DA:553,18
DA:555,17
DA:556,13
DA:558,4
DA:564,7
DA:565,7
DA:566,6
DA:567,6
DA:568,6
DA:569,6
DA:572,6
DA:574,6
DA:576,1
DA:582,64
DA:584,64
DA:585,23
DA:587,41
DA:594,3
DA:595,3
DA:596,3
DA:597,3
DA:598,3
DA:599,3
DA:600,3
DA:601,3
DA:606,4
DA:608,4
DA:609,26
DA:611,4
DA:612,9
DA:617,4
DA:622,74
DA:623,2
DA:624,72
DA:625,4
DA:626,68
DA:627,1
DA:628,67
DA:629,1
DA:630,66
DA:631,1
DA:632,65
DA:637,78
DA:639,78
DA:640,5
DA:642,73
DA:647,71
DA:648,71
DA:649,68
DA:650,3
DA:654,70
DA:655,70
DA:656,67
DA:658,3
DA:664,78
DA:666,78
DA:667,69
DA:669,9
DA:674,69
DA:675,69
DA:676,66
DA:677,3
DA:680,51
LF:337
LH:337
BRDA:40,0,0,63
BRDA:40,0,1,7
BRDA:43,1,0,1
BRDA:43,1,1,62
BRDA:60,2,0,64
BRDA:60,2,1,8
BRDA:94,3,0,1
BRDA:94,3,1,77
BRDA:131,4,0,23
BRDA:131,4,1,273
BRDA:159,5,0,21
BRDA:159,5,1,209
BRDA:189,6,0,22
BRDA:189,6,1,210
BRDA:249,7,0,22
BRDA:249,7,1,209
BRDA:274,8,0,78
BRDA:274,8,1,20
BRDA:288,9,0,17
BRDA:288,9,1,3
BRDA:301,10,0,7
BRDA:301,10,1,1
BRDA:309,11,0,1
BRDA:309,11,1,1
BRDA:321,12,0,2
BRDA:321,12,1,9
BRDA:335,13,0,7
BRDA:335,13,1,0
BRDA:352,14,0,1
BRDA:352,14,1,1
BRDA:398,15,0,3
BRDA:398,15,1,1
BRDA:416,16,0,77
BRDA:416,16,1,1
BRDA:420,17,0,1
BRDA:420,17,1,77
BRDA:423,18,0,3
BRDA:423,18,1,75
BRDA:427,19,0,74
BRDA:427,19,1,4
BRDA:438,20,0,1
BRDA:438,20,1,73
BRDA:451,21,0,6
BRDA:451,21,1,4
BRDA:458,22,0,1
BRDA:458,22,1,3
BRDA:473,23,0,5
BRDA:473,23,1,3
BRDA:480,24,0,1
BRDA:480,24,1,1
BRDA:489,25,0,56
BRDA:489,25,1,202
BRDA:522,26,0,2
BRDA:522,26,1,1
BRDA:543,27,0,5
BRDA:543,27,1,2
BRDA:555,28,0,13
BRDA:555,28,1,4
BRDA:565,29,0,6
BRDA:565,29,1,1
BRDA:567,30,0,6
BRDA:567,30,1,0
BRDA:584,31,0,23
BRDA:584,31,1,41
BRDA:594,32,0,3
BRDA:594,32,1,0
BRDA:595,33,0,3
BRDA:595,33,1,0
BRDA:622,34,0,2
BRDA:622,34,1,72
BRDA:624,35,0,4
BRDA:624,35,1,68
BRDA:626,36,0,1
BRDA:626,36,1,67
BRDA:628,37,0,1
BRDA:628,37,1,66
BRDA:630,38,0,1
BRDA:630,38,1,65
BRDA:639,39,0,5
BRDA:639,39,1,73
BRDA:648,40,0,68
BRDA:648,40,1,3
BRDA:655,41,0,67
BRDA:655,41,1,3
BRDA:666,42,0,69
BRDA:666,42,1,9
BRDA:675,43,0,66
BRDA:675,43,1,3
BRF:88
BRH:84
end_of_record
